2015-09-14 01:07:02,633 [main] ERROR StackTrace  - Full Stack Trace:
cucumber.runtime.UndefinedStepException: Undefined Step: Given I am at the url "http://localhost:8090/simplesocialnetwork/login/auth"
	at sun.reflect.NativeConstructorAccessorImpl.newInstance0(Native Method)
	at sun.reflect.NativeConstructorAccessorImpl.newInstance(NativeConstructorAccessorImpl.java:62)
	at sun.reflect.DelegatingConstructorAccessorImpl.newInstance(DelegatingConstructorAccessorImpl.java:45)
	at java.lang.reflect.Constructor.newInstance(Constructor.java:422)
	at org.springsource.loaded.ri.ReflectiveInterceptor.jlrConstructorNewInstance(ReflectiveInterceptor.java:1002)
	at org.codehaus.groovy.reflection.CachedConstructor.invoke(CachedConstructor.java:77)
	at org.codehaus.groovy.runtime.callsite.ConstructorSite$ConstructorSiteNoUnwrapNoCoerce.callConstructor(ConstructorSite.java:102)
	at org.codehaus.groovy.runtime.callsite.CallSiteArray.defaultCallConstructor(CallSiteArray.java:57)
	at org.codehaus.groovy.runtime.callsite.AbstractCallSite.callConstructor(AbstractCallSite.java:232)
	at org.codehaus.groovy.runtime.callsite.AbstractCallSite.callConstructor(AbstractCallSite.java:244)
	at grails.plugin.cucumber.CucumberFormatter.resultUndefined(CucumberFormatter.groovy:250)
	at grails.plugin.cucumber.CucumberFormatter.result(CucumberFormatter.groovy:215)
	at sun.reflect.NativeMethodAccessorImpl.invoke0(Native Method)
	at sun.reflect.NativeMethodAccessorImpl.invoke(NativeMethodAccessorImpl.java:62)
	at sun.reflect.DelegatingMethodAccessorImpl.invoke(DelegatingMethodAccessorImpl.java:43)
	at java.lang.reflect.Method.invoke(Method.java:497)
	at org.springsource.loaded.ri.ReflectiveInterceptor.jlrMethodInvoke(ReflectiveInterceptor.java:1270)
	at cucumber.runtime.Utils$1.call(Utils.java:37)
	at cucumber.runtime.Timeout.timeout(Timeout.java:13)
	at cucumber.runtime.Utils.invoke(Utils.java:31)
	at cucumber.runtime.RuntimeOptions$1.invoke(RuntimeOptions.java:290)
	at com.sun.proxy.$Proxy11.result(Unknown Source)
	at cucumber.runtime.Runtime.runStep(Runtime.java:281)
	at cucumber.runtime.model.StepContainer.runStep(StepContainer.java:44)
	at cucumber.runtime.model.StepContainer.runSteps(StepContainer.java:39)
	at cucumber.runtime.model.CucumberScenario.run(CucumberScenario.java:44)
	at cucumber.runtime.model.CucumberFeature.run(CucumberFeature.java:165)
	at cucumber.runtime.model.CucumberFeature$run$0.call(Unknown Source)
	at org.codehaus.groovy.runtime.callsite.CallSiteArray.defaultCall(CallSiteArray.java:45)
	at org.codehaus.groovy.runtime.callsite.AbstractCallSite.call(AbstractCallSite.java:110)
	at org.codehaus.groovy.runtime.callsite.AbstractCallSite.call(AbstractCallSite.java:138)
	at grails.plugin.cucumber.Cucumber$_run_closure2.doCall(Cucumber.groovy:59)
	at sun.reflect.NativeMethodAccessorImpl.invoke0(Native Method)
	at sun.reflect.NativeMethodAccessorImpl.invoke(NativeMethodAccessorImpl.java:62)
	at sun.reflect.DelegatingMethodAccessorImpl.invoke(DelegatingMethodAccessorImpl.java:43)
	at java.lang.reflect.Method.invoke(Method.java:497)
	at org.springsource.loaded.ri.ReflectiveInterceptor.jlrMethodInvoke(ReflectiveInterceptor.java:1270)
	at org.codehaus.groovy.reflection.CachedMethod.invoke(CachedMethod.java:90)
	at groovy.lang.MetaMethod.doMethodInvoke(MetaMethod.java:324)
	at groovy.lang.MetaClassImpl.invokeMethod(MetaClassImpl.java:1207)
	at groovy.lang.ExpandoMetaClass.invokeMethod(ExpandoMetaClass.java:1121)
	at groovy.lang.MetaClassImpl.invokeMethod(MetaClassImpl.java:1016)
	at groovy.lang.Closure.call(Closure.java:423)
	at groovy.lang.Closure.call(Closure.java:439)
	at org.codehaus.groovy.runtime.DefaultGroovyMethods.each(DefaultGroovyMethods.java:2027)
	at org.codehaus.groovy.runtime.DefaultGroovyMethods.each(DefaultGroovyMethods.java:2012)
	at org.codehaus.groovy.runtime.DefaultGroovyMethods.each(DefaultGroovyMethods.java:2053)
	at org.codehaus.groovy.runtime.dgm$162.invoke(Unknown Source)
	at org.codehaus.groovy.runtime.callsite.PojoMetaMethodSite$PojoMetaMethodSiteNoUnwrapNoCoerce.invoke(PojoMetaMethodSite.java:271)
	at org.codehaus.groovy.runtime.callsite.PojoMetaMethodSite.call(PojoMetaMethodSite.java:53)
	at org.codehaus.groovy.runtime.callsite.CallSiteArray.defaultCall(CallSiteArray.java:45)
	at org.codehaus.groovy.runtime.callsite.AbstractCallSite.call(AbstractCallSite.java:110)
	at org.codehaus.groovy.runtime.callsite.AbstractCallSite.call(AbstractCallSite.java:122)
	at grails.plugin.cucumber.Cucumber.run(Cucumber.groovy:58)
	at grails.plugin.cucumber.Cucumber$run$1.call(Unknown Source)
	at org.codehaus.groovy.runtime.callsite.CallSiteArray.defaultCall(CallSiteArray.java:45)
	at org.codehaus.groovy.runtime.callsite.AbstractCallSite.call(AbstractCallSite.java:110)
	at org.codehaus.groovy.runtime.callsite.AbstractCallSite.call(AbstractCallSite.java:122)
	at grails.plugin.cucumber.CucumberTestType.runFeatures(CucumberTestType.groovy:153)
	at sun.reflect.NativeMethodAccessorImpl.invoke0(Native Method)
	at sun.reflect.NativeMethodAccessorImpl.invoke(NativeMethodAccessorImpl.java:62)
	at sun.reflect.DelegatingMethodAccessorImpl.invoke(DelegatingMethodAccessorImpl.java:43)
	at java.lang.reflect.Method.invoke(Method.java:497)
	at org.springsource.loaded.ri.ReflectiveInterceptor.jlrMethodInvoke(ReflectiveInterceptor.java:1270)
	at org.codehaus.groovy.runtime.callsite.PogoMetaMethodSite$PogoCachedMethodSiteNoUnwrapNoCoerce.invoke(PogoMetaMethodSite.java:207)
	at org.codehaus.groovy.runtime.callsite.PogoMetaMethodSite.callCurrent(PogoMetaMethodSite.java:56)
	at org.codehaus.groovy.runtime.callsite.CallSiteArray.defaultCallCurrent(CallSiteArray.java:49)
	at org.codehaus.groovy.runtime.callsite.AbstractCallSite.callCurrent(AbstractCallSite.java:151)
	at org.codehaus.groovy.runtime.callsite.AbstractCallSite.callCurrent(AbstractCallSite.java:163)
	at grails.plugin.cucumber.CucumberTestType.doRun(CucumberTestType.groovy:57)
	at org.codehaus.groovy.grails.test.support.GrailsTestTypeSupport.run(GrailsTestTypeSupport.groovy:121)
	at org.codehaus.groovy.grails.test.runner.GrailsProjectTestRunner.runTests(GrailsProjectTestRunner.groovy:416)
	at org.codehaus.groovy.grails.test.runner.GrailsProjectTestRunner.processTests(GrailsProjectTestRunner.groovy:396)
	at sun.reflect.NativeMethodAccessorImpl.invoke0(Native Method)
	at sun.reflect.NativeMethodAccessorImpl.invoke(NativeMethodAccessorImpl.java:62)
	at sun.reflect.DelegatingMethodAccessorImpl.invoke(DelegatingMethodAccessorImpl.java:43)
	at java.lang.reflect.Method.invoke(Method.java:497)
	at org.springsource.loaded.ri.ReflectiveInterceptor.jlrMethodInvoke(ReflectiveInterceptor.java:1270)
	at org.codehaus.groovy.reflection.CachedMethod.invoke(CachedMethod.java:90)
	at groovy.lang.MetaMethod.doMethodInvoke(MetaMethod.java:324)
	at groovy.lang.MetaClassImpl.invokeMethod(MetaClassImpl.java:1207)
	at groovy.lang.ExpandoMetaClass.invokeMethod(ExpandoMetaClass.java:1121)
	at groovy.lang.MetaClassImpl.invokeMethod(MetaClassImpl.java:1016)
	at groovy.lang.MetaClassImpl.invokeMethod(MetaClassImpl.java:1152)
	at groovy.lang.ExpandoMetaClass.invokeMethod(ExpandoMetaClass.java:1121)
	at groovy.lang.MetaClassImpl.invokeMethod(MetaClassImpl.java:1016)
	at org.codehaus.groovy.runtime.callsite.PogoMetaClassSite.callCurrent(PogoMetaClassSite.java:66)
	at org.codehaus.groovy.runtime.callsite.CallSiteArray.defaultCallCurrent(CallSiteArray.java:49)
	at org.codehaus.groovy.runtime.callsite.AbstractCallSite.callCurrent(AbstractCallSite.java:151)
	at org.codehaus.groovy.runtime.callsite.AbstractCallSite.callCurrent(AbstractCallSite.java:163)
	at org.codehaus.groovy.grails.test.runner.GrailsProjectTestRunner$_runAllTests_closure7.doCall(GrailsProjectTestRunner.groovy:314)
	at sun.reflect.NativeMethodAccessorImpl.invoke0(Native Method)
	at sun.reflect.NativeMethodAccessorImpl.invoke(NativeMethodAccessorImpl.java:62)
	at sun.reflect.DelegatingMethodAccessorImpl.invoke(DelegatingMethodAccessorImpl.java:43)
	at java.lang.reflect.Method.invoke(Method.java:497)
	at org.springsource.loaded.ri.ReflectiveInterceptor.jlrMethodInvoke(ReflectiveInterceptor.java:1270)
	at org.codehaus.groovy.reflection.CachedMethod.invoke(CachedMethod.java:90)
	at groovy.lang.MetaMethod.doMethodInvoke(MetaMethod.java:324)
	at groovy.lang.MetaClassImpl.invokeMethod(MetaClassImpl.java:1207)
	at groovy.lang.ExpandoMetaClass.invokeMethod(ExpandoMetaClass.java:1121)
	at groovy.lang.MetaClassImpl.invokeMethod(MetaClassImpl.java:1016)
	at groovy.lang.Closure.call(Closure.java:423)
	at org.codehaus.groovy.runtime.DefaultGroovyMethods.callClosureForMapEntry(DefaultGroovyMethods.java:5223)
	at org.codehaus.groovy.runtime.DefaultGroovyMethods.each(DefaultGroovyMethods.java:2104)
	at org.codehaus.groovy.runtime.dgm$163.invoke(Unknown Source)
	at org.codehaus.groovy.runtime.callsite.PojoMetaMethodSite$PojoMetaMethodSiteNoUnwrapNoCoerce.invoke(PojoMetaMethodSite.java:271)
	at org.codehaus.groovy.runtime.callsite.PojoMetaMethodSite.call(PojoMetaMethodSite.java:53)
	at org.codehaus.groovy.runtime.callsite.CallSiteArray.defaultCall(CallSiteArray.java:45)
	at org.codehaus.groovy.runtime.callsite.AbstractCallSite.call(AbstractCallSite.java:110)
	at org.codehaus.groovy.runtime.callsite.AbstractCallSite.call(AbstractCallSite.java:122)
	at org.codehaus.groovy.grails.test.runner.GrailsProjectTestRunner.runAllTests(GrailsProjectTestRunner.groovy:300)
	at org.codehaus.groovy.grails.test.runner.GrailsProjectTestRunner.runAllTests(GrailsProjectTestRunner.groovy:215)
	at org.codehaus.groovy.grails.test.runner.GrailsProjectTestRunner.runAllTests(GrailsProjectTestRunner.groovy)
	at org.codehaus.groovy.grails.test.runner.GrailsProjectTestRunner$runAllTests$0.call(Unknown Source)
	at org.codehaus.groovy.runtime.callsite.CallSiteArray.defaultCall(CallSiteArray.java:45)
	at org.codehaus.groovy.runtime.callsite.AbstractCallSite.call(AbstractCallSite.java:110)
	at org.codehaus.groovy.runtime.callsite.AbstractCallSite.call(AbstractCallSite.java:122)
	at org.codehaus.groovy.grails.cli.fork.testing.ForkedGrailsTestRunner.runInstance(ForkedGrailsTestRunner.groovy:128)
	at org.codehaus.groovy.grails.cli.fork.ForkedGrailsProjectClassExecutor.run(ForkedGrailsProjectClassExecutor.groovy:74)
	at org.codehaus.groovy.grails.cli.fork.testing.ForkedGrailsTestRunner.main(ForkedGrailsTestRunner.groovy:75)
2015-09-14 01:07:02,639 [main] ERROR StackTrace  - Full Stack Trace:
cucumber.runtime.UndefinedStepException: Undefined Step: Given I am at the url "http://localhost:8090/simplesocialnetwork/login/auth"
	at grails.plugin.cucumber.CucumberFormatter.resultUndefined(CucumberFormatter.groovy:250)
	at grails.plugin.cucumber.CucumberFormatter.result(CucumberFormatter.groovy:215)
	at cucumber.runtime.Utils$1.call(Utils.java:37)
	at cucumber.runtime.Timeout.timeout(Timeout.java:13)
	at cucumber.runtime.Utils.invoke(Utils.java:31)
	at cucumber.runtime.RuntimeOptions$1.invoke(RuntimeOptions.java:290)
	at cucumber.runtime.Runtime.runStep(Runtime.java:281)
	at cucumber.runtime.model.StepContainer.runStep(StepContainer.java:44)
	at cucumber.runtime.model.StepContainer.runSteps(StepContainer.java:39)
	at cucumber.runtime.model.CucumberScenario.run(CucumberScenario.java:44)
	at cucumber.runtime.model.CucumberFeature.run(CucumberFeature.java:165)
	at grails.plugin.cucumber.Cucumber$_run_closure2.doCall(Cucumber.groovy:59)
	at grails.plugin.cucumber.Cucumber.run(Cucumber.groovy:58)
	at grails.plugin.cucumber.CucumberTestType.runFeatures(CucumberTestType.groovy:153)
	at grails.plugin.cucumber.CucumberTestType.doRun(CucumberTestType.groovy:57)
2015-09-14 01:07:02,651 [main] ERROR StackTrace  - Full Stack Trace:
cucumber.runtime.UndefinedStepException: Undefined Step: Given I am at the url "http://localhost:8090/simplesocialnetwork/login/auth"
	at grails.plugin.cucumber.CucumberFormatter.resultUndefined(CucumberFormatter.groovy:250)
	at grails.plugin.cucumber.CucumberFormatter.result(CucumberFormatter.groovy:215)
	at cucumber.runtime.Utils$1.call(Utils.java:37)
	at cucumber.runtime.Timeout.timeout(Timeout.java:13)
	at cucumber.runtime.Utils.invoke(Utils.java:31)
	at cucumber.runtime.RuntimeOptions$1.invoke(RuntimeOptions.java:290)
	at cucumber.runtime.Runtime.runStep(Runtime.java:281)
	at cucumber.runtime.model.StepContainer.runStep(StepContainer.java:44)
	at cucumber.runtime.model.StepContainer.runSteps(StepContainer.java:39)
	at cucumber.runtime.model.CucumberScenario.run(CucumberScenario.java:44)
	at cucumber.runtime.model.CucumberFeature.run(CucumberFeature.java:165)
	at grails.plugin.cucumber.Cucumber$_run_closure2.doCall(Cucumber.groovy:59)
	at grails.plugin.cucumber.Cucumber.run(Cucumber.groovy:58)
	at grails.plugin.cucumber.CucumberTestType.runFeatures(CucumberTestType.groovy:153)
	at grails.plugin.cucumber.CucumberTestType.doRun(CucumberTestType.groovy:57)
2015-09-14 01:07:02,651 [main] ERROR StackTrace  - Full Stack Trace:
cucumber.runtime.UndefinedStepException: Undefined Step: Given I am at the url "http://localhost:8090/simplesocialnetwork/login/auth"
	at grails.plugin.cucumber.CucumberFormatter.resultUndefined(CucumberFormatter.groovy:250)
	at grails.plugin.cucumber.CucumberFormatter.result(CucumberFormatter.groovy:215)
	at cucumber.runtime.Utils$1.call(Utils.java:37)
	at cucumber.runtime.Timeout.timeout(Timeout.java:13)
	at cucumber.runtime.Utils.invoke(Utils.java:31)
	at cucumber.runtime.RuntimeOptions$1.invoke(RuntimeOptions.java:290)
	at cucumber.runtime.Runtime.runStep(Runtime.java:281)
	at cucumber.runtime.model.StepContainer.runStep(StepContainer.java:44)
	at cucumber.runtime.model.StepContainer.runSteps(StepContainer.java:39)
	at cucumber.runtime.model.CucumberScenario.run(CucumberScenario.java:44)
	at cucumber.runtime.model.CucumberFeature.run(CucumberFeature.java:165)
	at grails.plugin.cucumber.Cucumber$_run_closure2.doCall(Cucumber.groovy:59)
	at grails.plugin.cucumber.Cucumber.run(Cucumber.groovy:58)
	at grails.plugin.cucumber.CucumberTestType.runFeatures(CucumberTestType.groovy:153)
	at grails.plugin.cucumber.CucumberTestType.doRun(CucumberTestType.groovy:57)
2015-09-14 01:07:02,658 [main] ERROR StackTrace  - Full Stack Trace:
cucumber.runtime.UndefinedStepException: Undefined Step: When I type "user1" in the username field and "password" in the password field and login
	at sun.reflect.NativeConstructorAccessorImpl.newInstance0(Native Method)
	at sun.reflect.NativeConstructorAccessorImpl.newInstance(NativeConstructorAccessorImpl.java:62)
	at sun.reflect.DelegatingConstructorAccessorImpl.newInstance(DelegatingConstructorAccessorImpl.java:45)
	at java.lang.reflect.Constructor.newInstance(Constructor.java:422)
	at org.springsource.loaded.ri.ReflectiveInterceptor.jlrConstructorNewInstance(ReflectiveInterceptor.java:1002)
	at org.codehaus.groovy.reflection.CachedConstructor.invoke(CachedConstructor.java:77)
	at org.codehaus.groovy.runtime.callsite.ConstructorSite$ConstructorSiteNoUnwrapNoCoerce.callConstructor(ConstructorSite.java:102)
	at org.codehaus.groovy.runtime.callsite.AbstractCallSite.callConstructor(AbstractCallSite.java:244)
	at grails.plugin.cucumber.CucumberFormatter.resultUndefined(CucumberFormatter.groovy:250)
	at grails.plugin.cucumber.CucumberFormatter.result(CucumberFormatter.groovy:215)
	at sun.reflect.NativeMethodAccessorImpl.invoke0(Native Method)
	at sun.reflect.NativeMethodAccessorImpl.invoke(NativeMethodAccessorImpl.java:62)
	at sun.reflect.DelegatingMethodAccessorImpl.invoke(DelegatingMethodAccessorImpl.java:43)
	at java.lang.reflect.Method.invoke(Method.java:497)
	at org.springsource.loaded.ri.ReflectiveInterceptor.jlrMethodInvoke(ReflectiveInterceptor.java:1270)
	at cucumber.runtime.Utils$1.call(Utils.java:37)
	at cucumber.runtime.Timeout.timeout(Timeout.java:13)
	at cucumber.runtime.Utils.invoke(Utils.java:31)
	at cucumber.runtime.RuntimeOptions$1.invoke(RuntimeOptions.java:290)
	at com.sun.proxy.$Proxy11.result(Unknown Source)
	at cucumber.runtime.Runtime.runStep(Runtime.java:281)
	at cucumber.runtime.model.StepContainer.runStep(StepContainer.java:44)
	at cucumber.runtime.model.StepContainer.runSteps(StepContainer.java:39)
	at cucumber.runtime.model.CucumberScenario.run(CucumberScenario.java:44)
	at cucumber.runtime.model.CucumberFeature.run(CucumberFeature.java:165)
	at cucumber.runtime.model.CucumberFeature$run$0.call(Unknown Source)
	at org.codehaus.groovy.runtime.callsite.CallSiteArray.defaultCall(CallSiteArray.java:45)
	at org.codehaus.groovy.runtime.callsite.AbstractCallSite.call(AbstractCallSite.java:110)
	at org.codehaus.groovy.runtime.callsite.AbstractCallSite.call(AbstractCallSite.java:138)
	at grails.plugin.cucumber.Cucumber$_run_closure2.doCall(Cucumber.groovy:59)
	at sun.reflect.NativeMethodAccessorImpl.invoke0(Native Method)
	at sun.reflect.NativeMethodAccessorImpl.invoke(NativeMethodAccessorImpl.java:62)
	at sun.reflect.DelegatingMethodAccessorImpl.invoke(DelegatingMethodAccessorImpl.java:43)
	at java.lang.reflect.Method.invoke(Method.java:497)
	at org.springsource.loaded.ri.ReflectiveInterceptor.jlrMethodInvoke(ReflectiveInterceptor.java:1270)
	at org.codehaus.groovy.reflection.CachedMethod.invoke(CachedMethod.java:90)
	at groovy.lang.MetaMethod.doMethodInvoke(MetaMethod.java:324)
	at groovy.lang.MetaClassImpl.invokeMethod(MetaClassImpl.java:1207)
	at groovy.lang.ExpandoMetaClass.invokeMethod(ExpandoMetaClass.java:1121)
	at groovy.lang.MetaClassImpl.invokeMethod(MetaClassImpl.java:1016)
	at groovy.lang.Closure.call(Closure.java:423)
	at groovy.lang.Closure.call(Closure.java:439)
	at org.codehaus.groovy.runtime.DefaultGroovyMethods.each(DefaultGroovyMethods.java:2027)
	at org.codehaus.groovy.runtime.DefaultGroovyMethods.each(DefaultGroovyMethods.java:2012)
	at org.codehaus.groovy.runtime.DefaultGroovyMethods.each(DefaultGroovyMethods.java:2053)
	at org.codehaus.groovy.runtime.dgm$162.invoke(Unknown Source)
	at org.codehaus.groovy.runtime.callsite.PojoMetaMethodSite$PojoMetaMethodSiteNoUnwrapNoCoerce.invoke(PojoMetaMethodSite.java:271)
	at org.codehaus.groovy.runtime.callsite.PojoMetaMethodSite.call(PojoMetaMethodSite.java:53)
	at org.codehaus.groovy.runtime.callsite.CallSiteArray.defaultCall(CallSiteArray.java:45)
	at org.codehaus.groovy.runtime.callsite.AbstractCallSite.call(AbstractCallSite.java:110)
	at org.codehaus.groovy.runtime.callsite.AbstractCallSite.call(AbstractCallSite.java:122)
	at grails.plugin.cucumber.Cucumber.run(Cucumber.groovy:58)
	at grails.plugin.cucumber.Cucumber$run$1.call(Unknown Source)
	at org.codehaus.groovy.runtime.callsite.CallSiteArray.defaultCall(CallSiteArray.java:45)
	at org.codehaus.groovy.runtime.callsite.AbstractCallSite.call(AbstractCallSite.java:110)
	at org.codehaus.groovy.runtime.callsite.AbstractCallSite.call(AbstractCallSite.java:122)
	at grails.plugin.cucumber.CucumberTestType.runFeatures(CucumberTestType.groovy:153)
	at sun.reflect.NativeMethodAccessorImpl.invoke0(Native Method)
	at sun.reflect.NativeMethodAccessorImpl.invoke(NativeMethodAccessorImpl.java:62)
	at sun.reflect.DelegatingMethodAccessorImpl.invoke(DelegatingMethodAccessorImpl.java:43)
	at java.lang.reflect.Method.invoke(Method.java:497)
	at org.springsource.loaded.ri.ReflectiveInterceptor.jlrMethodInvoke(ReflectiveInterceptor.java:1270)
	at org.codehaus.groovy.runtime.callsite.PogoMetaMethodSite$PogoCachedMethodSiteNoUnwrapNoCoerce.invoke(PogoMetaMethodSite.java:207)
	at org.codehaus.groovy.runtime.callsite.PogoMetaMethodSite.callCurrent(PogoMetaMethodSite.java:56)
	at org.codehaus.groovy.runtime.callsite.CallSiteArray.defaultCallCurrent(CallSiteArray.java:49)
	at org.codehaus.groovy.runtime.callsite.AbstractCallSite.callCurrent(AbstractCallSite.java:151)
	at org.codehaus.groovy.runtime.callsite.AbstractCallSite.callCurrent(AbstractCallSite.java:163)
	at grails.plugin.cucumber.CucumberTestType.doRun(CucumberTestType.groovy:57)
	at org.codehaus.groovy.grails.test.support.GrailsTestTypeSupport.run(GrailsTestTypeSupport.groovy:121)
	at org.codehaus.groovy.grails.test.runner.GrailsProjectTestRunner.runTests(GrailsProjectTestRunner.groovy:416)
	at org.codehaus.groovy.grails.test.runner.GrailsProjectTestRunner.processTests(GrailsProjectTestRunner.groovy:396)
	at sun.reflect.NativeMethodAccessorImpl.invoke0(Native Method)
	at sun.reflect.NativeMethodAccessorImpl.invoke(NativeMethodAccessorImpl.java:62)
	at sun.reflect.DelegatingMethodAccessorImpl.invoke(DelegatingMethodAccessorImpl.java:43)
	at java.lang.reflect.Method.invoke(Method.java:497)
	at org.springsource.loaded.ri.ReflectiveInterceptor.jlrMethodInvoke(ReflectiveInterceptor.java:1270)
	at org.codehaus.groovy.reflection.CachedMethod.invoke(CachedMethod.java:90)
	at groovy.lang.MetaMethod.doMethodInvoke(MetaMethod.java:324)
	at groovy.lang.MetaClassImpl.invokeMethod(MetaClassImpl.java:1207)
	at groovy.lang.ExpandoMetaClass.invokeMethod(ExpandoMetaClass.java:1121)
	at groovy.lang.MetaClassImpl.invokeMethod(MetaClassImpl.java:1016)
	at groovy.lang.MetaClassImpl.invokeMethod(MetaClassImpl.java:1152)
	at groovy.lang.ExpandoMetaClass.invokeMethod(ExpandoMetaClass.java:1121)
	at groovy.lang.MetaClassImpl.invokeMethod(MetaClassImpl.java:1016)
	at org.codehaus.groovy.runtime.callsite.PogoMetaClassSite.callCurrent(PogoMetaClassSite.java:66)
	at org.codehaus.groovy.runtime.callsite.CallSiteArray.defaultCallCurrent(CallSiteArray.java:49)
	at org.codehaus.groovy.runtime.callsite.AbstractCallSite.callCurrent(AbstractCallSite.java:151)
	at org.codehaus.groovy.runtime.callsite.AbstractCallSite.callCurrent(AbstractCallSite.java:163)
	at org.codehaus.groovy.grails.test.runner.GrailsProjectTestRunner$_runAllTests_closure7.doCall(GrailsProjectTestRunner.groovy:314)
	at sun.reflect.NativeMethodAccessorImpl.invoke0(Native Method)
	at sun.reflect.NativeMethodAccessorImpl.invoke(NativeMethodAccessorImpl.java:62)
	at sun.reflect.DelegatingMethodAccessorImpl.invoke(DelegatingMethodAccessorImpl.java:43)
	at java.lang.reflect.Method.invoke(Method.java:497)
	at org.springsource.loaded.ri.ReflectiveInterceptor.jlrMethodInvoke(ReflectiveInterceptor.java:1270)
	at org.codehaus.groovy.reflection.CachedMethod.invoke(CachedMethod.java:90)
	at groovy.lang.MetaMethod.doMethodInvoke(MetaMethod.java:324)
	at groovy.lang.MetaClassImpl.invokeMethod(MetaClassImpl.java:1207)
	at groovy.lang.ExpandoMetaClass.invokeMethod(ExpandoMetaClass.java:1121)
	at groovy.lang.MetaClassImpl.invokeMethod(MetaClassImpl.java:1016)
	at groovy.lang.Closure.call(Closure.java:423)
	at org.codehaus.groovy.runtime.DefaultGroovyMethods.callClosureForMapEntry(DefaultGroovyMethods.java:5223)
	at org.codehaus.groovy.runtime.DefaultGroovyMethods.each(DefaultGroovyMethods.java:2104)
	at org.codehaus.groovy.runtime.dgm$163.invoke(Unknown Source)
	at org.codehaus.groovy.runtime.callsite.PojoMetaMethodSite$PojoMetaMethodSiteNoUnwrapNoCoerce.invoke(PojoMetaMethodSite.java:271)
	at org.codehaus.groovy.runtime.callsite.PojoMetaMethodSite.call(PojoMetaMethodSite.java:53)
	at org.codehaus.groovy.runtime.callsite.CallSiteArray.defaultCall(CallSiteArray.java:45)
	at org.codehaus.groovy.runtime.callsite.AbstractCallSite.call(AbstractCallSite.java:110)
	at org.codehaus.groovy.runtime.callsite.AbstractCallSite.call(AbstractCallSite.java:122)
	at org.codehaus.groovy.grails.test.runner.GrailsProjectTestRunner.runAllTests(GrailsProjectTestRunner.groovy:300)
	at org.codehaus.groovy.grails.test.runner.GrailsProjectTestRunner.runAllTests(GrailsProjectTestRunner.groovy:215)
	at org.codehaus.groovy.grails.test.runner.GrailsProjectTestRunner.runAllTests(GrailsProjectTestRunner.groovy)
	at org.codehaus.groovy.grails.test.runner.GrailsProjectTestRunner$runAllTests$0.call(Unknown Source)
	at org.codehaus.groovy.runtime.callsite.CallSiteArray.defaultCall(CallSiteArray.java:45)
	at org.codehaus.groovy.runtime.callsite.AbstractCallSite.call(AbstractCallSite.java:110)
	at org.codehaus.groovy.runtime.callsite.AbstractCallSite.call(AbstractCallSite.java:122)
	at org.codehaus.groovy.grails.cli.fork.testing.ForkedGrailsTestRunner.runInstance(ForkedGrailsTestRunner.groovy:128)
	at org.codehaus.groovy.grails.cli.fork.ForkedGrailsProjectClassExecutor.run(ForkedGrailsProjectClassExecutor.groovy:74)
	at org.codehaus.groovy.grails.cli.fork.testing.ForkedGrailsTestRunner.main(ForkedGrailsTestRunner.groovy:75)
2015-09-14 01:07:02,658 [main] ERROR StackTrace  - Full Stack Trace:
cucumber.runtime.UndefinedStepException: Undefined Step: When I type "user1" in the username field and "password" in the password field and login
	at grails.plugin.cucumber.CucumberFormatter.resultUndefined(CucumberFormatter.groovy:250)
	at grails.plugin.cucumber.CucumberFormatter.result(CucumberFormatter.groovy:215)
	at cucumber.runtime.Utils$1.call(Utils.java:37)
	at cucumber.runtime.Timeout.timeout(Timeout.java:13)
	at cucumber.runtime.Utils.invoke(Utils.java:31)
	at cucumber.runtime.RuntimeOptions$1.invoke(RuntimeOptions.java:290)
	at cucumber.runtime.Runtime.runStep(Runtime.java:281)
	at cucumber.runtime.model.StepContainer.runStep(StepContainer.java:44)
	at cucumber.runtime.model.StepContainer.runSteps(StepContainer.java:39)
	at cucumber.runtime.model.CucumberScenario.run(CucumberScenario.java:44)
	at cucumber.runtime.model.CucumberFeature.run(CucumberFeature.java:165)
	at grails.plugin.cucumber.Cucumber$_run_closure2.doCall(Cucumber.groovy:59)
	at grails.plugin.cucumber.Cucumber.run(Cucumber.groovy:58)
	at grails.plugin.cucumber.CucumberTestType.runFeatures(CucumberTestType.groovy:153)
	at grails.plugin.cucumber.CucumberTestType.doRun(CucumberTestType.groovy:57)
2015-09-14 01:07:02,659 [main] ERROR StackTrace  - Full Stack Trace:
cucumber.runtime.UndefinedStepException: Undefined Step: When I type "user1" in the username field and "password" in the password field and login
	at grails.plugin.cucumber.CucumberFormatter.resultUndefined(CucumberFormatter.groovy:250)
	at grails.plugin.cucumber.CucumberFormatter.result(CucumberFormatter.groovy:215)
	at cucumber.runtime.Utils$1.call(Utils.java:37)
	at cucumber.runtime.Timeout.timeout(Timeout.java:13)
	at cucumber.runtime.Utils.invoke(Utils.java:31)
	at cucumber.runtime.RuntimeOptions$1.invoke(RuntimeOptions.java:290)
	at cucumber.runtime.Runtime.runStep(Runtime.java:281)
	at cucumber.runtime.model.StepContainer.runStep(StepContainer.java:44)
	at cucumber.runtime.model.StepContainer.runSteps(StepContainer.java:39)
	at cucumber.runtime.model.CucumberScenario.run(CucumberScenario.java:44)
	at cucumber.runtime.model.CucumberFeature.run(CucumberFeature.java:165)
	at grails.plugin.cucumber.Cucumber$_run_closure2.doCall(Cucumber.groovy:59)
	at grails.plugin.cucumber.Cucumber.run(Cucumber.groovy:58)
	at grails.plugin.cucumber.CucumberTestType.runFeatures(CucumberTestType.groovy:153)
	at grails.plugin.cucumber.CucumberTestType.doRun(CucumberTestType.groovy:57)
2015-09-14 01:07:02,659 [main] ERROR StackTrace  - Full Stack Trace:
cucumber.runtime.UndefinedStepException: Undefined Step: When I type "user1" in the username field and "password" in the password field and login
	at grails.plugin.cucumber.CucumberFormatter.resultUndefined(CucumberFormatter.groovy:250)
	at grails.plugin.cucumber.CucumberFormatter.result(CucumberFormatter.groovy:215)
	at cucumber.runtime.Utils$1.call(Utils.java:37)
	at cucumber.runtime.Timeout.timeout(Timeout.java:13)
	at cucumber.runtime.Utils.invoke(Utils.java:31)
	at cucumber.runtime.RuntimeOptions$1.invoke(RuntimeOptions.java:290)
	at cucumber.runtime.Runtime.runStep(Runtime.java:281)
	at cucumber.runtime.model.StepContainer.runStep(StepContainer.java:44)
	at cucumber.runtime.model.StepContainer.runSteps(StepContainer.java:39)
	at cucumber.runtime.model.CucumberScenario.run(CucumberScenario.java:44)
	at cucumber.runtime.model.CucumberFeature.run(CucumberFeature.java:165)
	at grails.plugin.cucumber.Cucumber$_run_closure2.doCall(Cucumber.groovy:59)
	at grails.plugin.cucumber.Cucumber.run(Cucumber.groovy:58)
	at grails.plugin.cucumber.CucumberTestType.runFeatures(CucumberTestType.groovy:153)
	at grails.plugin.cucumber.CucumberTestType.doRun(CucumberTestType.groovy:57)
2015-09-14 01:07:02,660 [main] ERROR StackTrace  - Full Stack Trace:
cucumber.runtime.UndefinedStepException: Undefined Step: Then I should be able to view the home page for logged in users
	at sun.reflect.NativeConstructorAccessorImpl.newInstance0(Native Method)
	at sun.reflect.NativeConstructorAccessorImpl.newInstance(NativeConstructorAccessorImpl.java:62)
	at sun.reflect.DelegatingConstructorAccessorImpl.newInstance(DelegatingConstructorAccessorImpl.java:45)
	at java.lang.reflect.Constructor.newInstance(Constructor.java:422)
	at org.springsource.loaded.ri.ReflectiveInterceptor.jlrConstructorNewInstance(ReflectiveInterceptor.java:1002)
	at org.codehaus.groovy.reflection.CachedConstructor.invoke(CachedConstructor.java:77)
	at org.codehaus.groovy.runtime.callsite.ConstructorSite$ConstructorSiteNoUnwrapNoCoerce.callConstructor(ConstructorSite.java:102)
	at org.codehaus.groovy.runtime.callsite.AbstractCallSite.callConstructor(AbstractCallSite.java:244)
	at grails.plugin.cucumber.CucumberFormatter.resultUndefined(CucumberFormatter.groovy:250)
	at grails.plugin.cucumber.CucumberFormatter.result(CucumberFormatter.groovy:215)
	at sun.reflect.NativeMethodAccessorImpl.invoke0(Native Method)
	at sun.reflect.NativeMethodAccessorImpl.invoke(NativeMethodAccessorImpl.java:62)
	at sun.reflect.DelegatingMethodAccessorImpl.invoke(DelegatingMethodAccessorImpl.java:43)
	at java.lang.reflect.Method.invoke(Method.java:497)
	at org.springsource.loaded.ri.ReflectiveInterceptor.jlrMethodInvoke(ReflectiveInterceptor.java:1270)
	at cucumber.runtime.Utils$1.call(Utils.java:37)
	at cucumber.runtime.Timeout.timeout(Timeout.java:13)
	at cucumber.runtime.Utils.invoke(Utils.java:31)
	at cucumber.runtime.RuntimeOptions$1.invoke(RuntimeOptions.java:290)
	at com.sun.proxy.$Proxy11.result(Unknown Source)
	at cucumber.runtime.Runtime.runStep(Runtime.java:281)
	at cucumber.runtime.model.StepContainer.runStep(StepContainer.java:44)
	at cucumber.runtime.model.StepContainer.runSteps(StepContainer.java:39)
	at cucumber.runtime.model.CucumberScenario.run(CucumberScenario.java:44)
	at cucumber.runtime.model.CucumberFeature.run(CucumberFeature.java:165)
	at cucumber.runtime.model.CucumberFeature$run$0.call(Unknown Source)
	at org.codehaus.groovy.runtime.callsite.CallSiteArray.defaultCall(CallSiteArray.java:45)
	at org.codehaus.groovy.runtime.callsite.AbstractCallSite.call(AbstractCallSite.java:110)
	at org.codehaus.groovy.runtime.callsite.AbstractCallSite.call(AbstractCallSite.java:138)
	at grails.plugin.cucumber.Cucumber$_run_closure2.doCall(Cucumber.groovy:59)
	at sun.reflect.NativeMethodAccessorImpl.invoke0(Native Method)
	at sun.reflect.NativeMethodAccessorImpl.invoke(NativeMethodAccessorImpl.java:62)
	at sun.reflect.DelegatingMethodAccessorImpl.invoke(DelegatingMethodAccessorImpl.java:43)
	at java.lang.reflect.Method.invoke(Method.java:497)
	at org.springsource.loaded.ri.ReflectiveInterceptor.jlrMethodInvoke(ReflectiveInterceptor.java:1270)
	at org.codehaus.groovy.reflection.CachedMethod.invoke(CachedMethod.java:90)
	at groovy.lang.MetaMethod.doMethodInvoke(MetaMethod.java:324)
	at groovy.lang.MetaClassImpl.invokeMethod(MetaClassImpl.java:1207)
	at groovy.lang.ExpandoMetaClass.invokeMethod(ExpandoMetaClass.java:1121)
	at groovy.lang.MetaClassImpl.invokeMethod(MetaClassImpl.java:1016)
	at groovy.lang.Closure.call(Closure.java:423)
	at groovy.lang.Closure.call(Closure.java:439)
	at org.codehaus.groovy.runtime.DefaultGroovyMethods.each(DefaultGroovyMethods.java:2027)
	at org.codehaus.groovy.runtime.DefaultGroovyMethods.each(DefaultGroovyMethods.java:2012)
	at org.codehaus.groovy.runtime.DefaultGroovyMethods.each(DefaultGroovyMethods.java:2053)
	at org.codehaus.groovy.runtime.dgm$162.invoke(Unknown Source)
	at org.codehaus.groovy.runtime.callsite.PojoMetaMethodSite$PojoMetaMethodSiteNoUnwrapNoCoerce.invoke(PojoMetaMethodSite.java:271)
	at org.codehaus.groovy.runtime.callsite.PojoMetaMethodSite.call(PojoMetaMethodSite.java:53)
	at org.codehaus.groovy.runtime.callsite.CallSiteArray.defaultCall(CallSiteArray.java:45)
	at org.codehaus.groovy.runtime.callsite.AbstractCallSite.call(AbstractCallSite.java:110)
	at org.codehaus.groovy.runtime.callsite.AbstractCallSite.call(AbstractCallSite.java:122)
	at grails.plugin.cucumber.Cucumber.run(Cucumber.groovy:58)
	at grails.plugin.cucumber.Cucumber$run$1.call(Unknown Source)
	at org.codehaus.groovy.runtime.callsite.CallSiteArray.defaultCall(CallSiteArray.java:45)
	at org.codehaus.groovy.runtime.callsite.AbstractCallSite.call(AbstractCallSite.java:110)
	at org.codehaus.groovy.runtime.callsite.AbstractCallSite.call(AbstractCallSite.java:122)
	at grails.plugin.cucumber.CucumberTestType.runFeatures(CucumberTestType.groovy:153)
	at sun.reflect.NativeMethodAccessorImpl.invoke0(Native Method)
	at sun.reflect.NativeMethodAccessorImpl.invoke(NativeMethodAccessorImpl.java:62)
	at sun.reflect.DelegatingMethodAccessorImpl.invoke(DelegatingMethodAccessorImpl.java:43)
	at java.lang.reflect.Method.invoke(Method.java:497)
	at org.springsource.loaded.ri.ReflectiveInterceptor.jlrMethodInvoke(ReflectiveInterceptor.java:1270)
	at org.codehaus.groovy.runtime.callsite.PogoMetaMethodSite$PogoCachedMethodSiteNoUnwrapNoCoerce.invoke(PogoMetaMethodSite.java:207)
	at org.codehaus.groovy.runtime.callsite.PogoMetaMethodSite.callCurrent(PogoMetaMethodSite.java:56)
	at org.codehaus.groovy.runtime.callsite.CallSiteArray.defaultCallCurrent(CallSiteArray.java:49)
	at org.codehaus.groovy.runtime.callsite.AbstractCallSite.callCurrent(AbstractCallSite.java:151)
	at org.codehaus.groovy.runtime.callsite.AbstractCallSite.callCurrent(AbstractCallSite.java:163)
	at grails.plugin.cucumber.CucumberTestType.doRun(CucumberTestType.groovy:57)
	at org.codehaus.groovy.grails.test.support.GrailsTestTypeSupport.run(GrailsTestTypeSupport.groovy:121)
	at org.codehaus.groovy.grails.test.runner.GrailsProjectTestRunner.runTests(GrailsProjectTestRunner.groovy:416)
	at org.codehaus.groovy.grails.test.runner.GrailsProjectTestRunner.processTests(GrailsProjectTestRunner.groovy:396)
	at sun.reflect.NativeMethodAccessorImpl.invoke0(Native Method)
	at sun.reflect.NativeMethodAccessorImpl.invoke(NativeMethodAccessorImpl.java:62)
	at sun.reflect.DelegatingMethodAccessorImpl.invoke(DelegatingMethodAccessorImpl.java:43)
	at java.lang.reflect.Method.invoke(Method.java:497)
	at org.springsource.loaded.ri.ReflectiveInterceptor.jlrMethodInvoke(ReflectiveInterceptor.java:1270)
	at org.codehaus.groovy.reflection.CachedMethod.invoke(CachedMethod.java:90)
	at groovy.lang.MetaMethod.doMethodInvoke(MetaMethod.java:324)
	at groovy.lang.MetaClassImpl.invokeMethod(MetaClassImpl.java:1207)
	at groovy.lang.ExpandoMetaClass.invokeMethod(ExpandoMetaClass.java:1121)
	at groovy.lang.MetaClassImpl.invokeMethod(MetaClassImpl.java:1016)
	at groovy.lang.MetaClassImpl.invokeMethod(MetaClassImpl.java:1152)
	at groovy.lang.ExpandoMetaClass.invokeMethod(ExpandoMetaClass.java:1121)
	at groovy.lang.MetaClassImpl.invokeMethod(MetaClassImpl.java:1016)
	at org.codehaus.groovy.runtime.callsite.PogoMetaClassSite.callCurrent(PogoMetaClassSite.java:66)
	at org.codehaus.groovy.runtime.callsite.CallSiteArray.defaultCallCurrent(CallSiteArray.java:49)
	at org.codehaus.groovy.runtime.callsite.AbstractCallSite.callCurrent(AbstractCallSite.java:151)
	at org.codehaus.groovy.runtime.callsite.AbstractCallSite.callCurrent(AbstractCallSite.java:163)
	at org.codehaus.groovy.grails.test.runner.GrailsProjectTestRunner$_runAllTests_closure7.doCall(GrailsProjectTestRunner.groovy:314)
	at sun.reflect.NativeMethodAccessorImpl.invoke0(Native Method)
	at sun.reflect.NativeMethodAccessorImpl.invoke(NativeMethodAccessorImpl.java:62)
	at sun.reflect.DelegatingMethodAccessorImpl.invoke(DelegatingMethodAccessorImpl.java:43)
	at java.lang.reflect.Method.invoke(Method.java:497)
	at org.springsource.loaded.ri.ReflectiveInterceptor.jlrMethodInvoke(ReflectiveInterceptor.java:1270)
	at org.codehaus.groovy.reflection.CachedMethod.invoke(CachedMethod.java:90)
	at groovy.lang.MetaMethod.doMethodInvoke(MetaMethod.java:324)
	at groovy.lang.MetaClassImpl.invokeMethod(MetaClassImpl.java:1207)
	at groovy.lang.ExpandoMetaClass.invokeMethod(ExpandoMetaClass.java:1121)
	at groovy.lang.MetaClassImpl.invokeMethod(MetaClassImpl.java:1016)
	at groovy.lang.Closure.call(Closure.java:423)
	at org.codehaus.groovy.runtime.DefaultGroovyMethods.callClosureForMapEntry(DefaultGroovyMethods.java:5223)
	at org.codehaus.groovy.runtime.DefaultGroovyMethods.each(DefaultGroovyMethods.java:2104)
	at org.codehaus.groovy.runtime.dgm$163.invoke(Unknown Source)
	at org.codehaus.groovy.runtime.callsite.PojoMetaMethodSite$PojoMetaMethodSiteNoUnwrapNoCoerce.invoke(PojoMetaMethodSite.java:271)
	at org.codehaus.groovy.runtime.callsite.PojoMetaMethodSite.call(PojoMetaMethodSite.java:53)
	at org.codehaus.groovy.runtime.callsite.CallSiteArray.defaultCall(CallSiteArray.java:45)
	at org.codehaus.groovy.runtime.callsite.AbstractCallSite.call(AbstractCallSite.java:110)
	at org.codehaus.groovy.runtime.callsite.AbstractCallSite.call(AbstractCallSite.java:122)
	at org.codehaus.groovy.grails.test.runner.GrailsProjectTestRunner.runAllTests(GrailsProjectTestRunner.groovy:300)
	at org.codehaus.groovy.grails.test.runner.GrailsProjectTestRunner.runAllTests(GrailsProjectTestRunner.groovy:215)
	at org.codehaus.groovy.grails.test.runner.GrailsProjectTestRunner.runAllTests(GrailsProjectTestRunner.groovy)
	at org.codehaus.groovy.grails.test.runner.GrailsProjectTestRunner$runAllTests$0.call(Unknown Source)
	at org.codehaus.groovy.runtime.callsite.CallSiteArray.defaultCall(CallSiteArray.java:45)
	at org.codehaus.groovy.runtime.callsite.AbstractCallSite.call(AbstractCallSite.java:110)
	at org.codehaus.groovy.runtime.callsite.AbstractCallSite.call(AbstractCallSite.java:122)
	at org.codehaus.groovy.grails.cli.fork.testing.ForkedGrailsTestRunner.runInstance(ForkedGrailsTestRunner.groovy:128)
	at org.codehaus.groovy.grails.cli.fork.ForkedGrailsProjectClassExecutor.run(ForkedGrailsProjectClassExecutor.groovy:74)
	at org.codehaus.groovy.grails.cli.fork.testing.ForkedGrailsTestRunner.main(ForkedGrailsTestRunner.groovy:75)
2015-09-14 01:07:02,660 [main] ERROR StackTrace  - Full Stack Trace:
cucumber.runtime.UndefinedStepException: Undefined Step: Then I should be able to view the home page for logged in users
	at grails.plugin.cucumber.CucumberFormatter.resultUndefined(CucumberFormatter.groovy:250)
	at grails.plugin.cucumber.CucumberFormatter.result(CucumberFormatter.groovy:215)
	at cucumber.runtime.Utils$1.call(Utils.java:37)
	at cucumber.runtime.Timeout.timeout(Timeout.java:13)
	at cucumber.runtime.Utils.invoke(Utils.java:31)
	at cucumber.runtime.RuntimeOptions$1.invoke(RuntimeOptions.java:290)
	at cucumber.runtime.Runtime.runStep(Runtime.java:281)
	at cucumber.runtime.model.StepContainer.runStep(StepContainer.java:44)
	at cucumber.runtime.model.StepContainer.runSteps(StepContainer.java:39)
	at cucumber.runtime.model.CucumberScenario.run(CucumberScenario.java:44)
	at cucumber.runtime.model.CucumberFeature.run(CucumberFeature.java:165)
	at grails.plugin.cucumber.Cucumber$_run_closure2.doCall(Cucumber.groovy:59)
	at grails.plugin.cucumber.Cucumber.run(Cucumber.groovy:58)
	at grails.plugin.cucumber.CucumberTestType.runFeatures(CucumberTestType.groovy:153)
	at grails.plugin.cucumber.CucumberTestType.doRun(CucumberTestType.groovy:57)
2015-09-14 01:07:02,660 [main] ERROR StackTrace  - Full Stack Trace:
cucumber.runtime.UndefinedStepException: Undefined Step: Then I should be able to view the home page for logged in users
	at grails.plugin.cucumber.CucumberFormatter.resultUndefined(CucumberFormatter.groovy:250)
	at grails.plugin.cucumber.CucumberFormatter.result(CucumberFormatter.groovy:215)
	at cucumber.runtime.Utils$1.call(Utils.java:37)
	at cucumber.runtime.Timeout.timeout(Timeout.java:13)
	at cucumber.runtime.Utils.invoke(Utils.java:31)
	at cucumber.runtime.RuntimeOptions$1.invoke(RuntimeOptions.java:290)
	at cucumber.runtime.Runtime.runStep(Runtime.java:281)
	at cucumber.runtime.model.StepContainer.runStep(StepContainer.java:44)
	at cucumber.runtime.model.StepContainer.runSteps(StepContainer.java:39)
	at cucumber.runtime.model.CucumberScenario.run(CucumberScenario.java:44)
	at cucumber.runtime.model.CucumberFeature.run(CucumberFeature.java:165)
	at grails.plugin.cucumber.Cucumber$_run_closure2.doCall(Cucumber.groovy:59)
	at grails.plugin.cucumber.Cucumber.run(Cucumber.groovy:58)
	at grails.plugin.cucumber.CucumberTestType.runFeatures(CucumberTestType.groovy:153)
	at grails.plugin.cucumber.CucumberTestType.doRun(CucumberTestType.groovy:57)
2015-09-14 01:07:02,660 [main] ERROR StackTrace  - Full Stack Trace:
cucumber.runtime.UndefinedStepException: Undefined Step: Then I should be able to view the home page for logged in users
	at grails.plugin.cucumber.CucumberFormatter.resultUndefined(CucumberFormatter.groovy:250)
	at grails.plugin.cucumber.CucumberFormatter.result(CucumberFormatter.groovy:215)
	at cucumber.runtime.Utils$1.call(Utils.java:37)
	at cucumber.runtime.Timeout.timeout(Timeout.java:13)
	at cucumber.runtime.Utils.invoke(Utils.java:31)
	at cucumber.runtime.RuntimeOptions$1.invoke(RuntimeOptions.java:290)
	at cucumber.runtime.Runtime.runStep(Runtime.java:281)
	at cucumber.runtime.model.StepContainer.runStep(StepContainer.java:44)
	at cucumber.runtime.model.StepContainer.runSteps(StepContainer.java:39)
	at cucumber.runtime.model.CucumberScenario.run(CucumberScenario.java:44)
	at cucumber.runtime.model.CucumberFeature.run(CucumberFeature.java:165)
	at grails.plugin.cucumber.Cucumber$_run_closure2.doCall(Cucumber.groovy:59)
	at grails.plugin.cucumber.Cucumber.run(Cucumber.groovy:58)
	at grails.plugin.cucumber.CucumberTestType.runFeatures(CucumberTestType.groovy:153)
	at grails.plugin.cucumber.CucumberTestType.doRun(CucumberTestType.groovy:57)
2015-09-14 01:08:47,470 [main] ERROR StackTrace  - Full Stack Trace:
Assertion failed: 

assert false


	at Login_steps$_run_closure1.doCall(Login_steps.groovy:5)
	at ✽.Given I am at the url "http://localhost:8090/simplesocialnetwork/login/auth"(Login.feature:4)
2015-09-14 01:08:47,472 [main] ERROR StackTrace  - Full Stack Trace:
Assertion failed: 

assert false


	at Login_steps$_run_closure1.doCall(Login_steps.groovy:5)
	at ✽.Given I am at the url "http://localhost:8090/simplesocialnetwork/login/auth"(Login.feature:4)
2015-09-14 01:08:47,488 [main] ERROR StackTrace  - Full Stack Trace:
Assertion failed: 

assert false


	at Login_steps$_run_closure1.doCall(Login_steps.groovy:5)
	at ✽.Given I am at the url "http://localhost:8090/simplesocialnetwork/login/auth"(Login.feature:4)
2015-09-14 01:08:47,488 [main] ERROR StackTrace  - Full Stack Trace:
Assertion failed: 

assert false


	at Login_steps$_run_closure1.doCall(Login_steps.groovy:5)
	at ✽.Given I am at the url "http://localhost:8090/simplesocialnetwork/login/auth"(Login.feature:4)
2015-09-14 01:12:21,387 [main] ERROR StackTrace  - Full Stack Trace:
Assertion failed: 

title ==~/Login/
|     |
|     false
Not Found

	at pages.LoginPage$__clinit__closure1.doCall(LoginPage.groovy:9)
	at pages.LoginPage$__clinit__closure1.doCall(LoginPage.groovy)
	at org.springsource.loaded.ri.ReflectiveInterceptor.jlrMethodInvoke(ReflectiveInterceptor.java:1270)
	at geb.Page.verifyThisPageAtOnly(Page.groovy:228)
	at geb.Page.verifyAt(Page.groovy:182)
	at pages.LoginPage.verifyAt(LoginPage.groovy)
	at geb.Page$verifyAt$4.call(Unknown Source)
	at geb.Browser.doAt(Browser.groovy:455)
	at geb.Browser.this$2$doAt(Browser.groovy)
	at org.springsource.loaded.ri.ReflectiveInterceptor.jlrMethodInvoke(ReflectiveInterceptor.java:1270)
	at geb.Browser.at(Browser.groovy:354)
	at geb.Browser$at$5.callCurrent(Unknown Source)
	at geb.Browser.to(Browser.groovy:566)
	at geb.Browser$to$1.callCurrent(Unknown Source)
	at geb.Browser.to(Browser.groovy:553)
	at geb.Browser$to$0.callCurrent(Unknown Source)
	at geb.Browser.to(Browser.groovy:520)
	at org.springsource.loaded.ri.ReflectiveInterceptor.jlrMethodInvoke(ReflectiveInterceptor.java:1270)
	at geb.binding.BindingUpdater$InvocationForwarding.doCall(BindingUpdater.groovy:73)
	at org.springsource.loaded.ri.ReflectiveInterceptor.jlrMethodInvoke(ReflectiveInterceptor.java:1270)
	at org.springsource.loaded.ri.ReflectiveInterceptor.jlrMethodInvoke(ReflectiveInterceptor.java:1270)
	at Login_steps$_run_closure1.doCall(Login_steps.groovy:6)
	at ✽.Given I am at the url "http://localhost:8090/restsocnet/login/auth"(Login.feature:4)
2015-09-14 01:12:21,391 [main] ERROR StackTrace  - Full Stack Trace:
Assertion failed: 

title ==~/Login/
|     |
|     false
Not Found

	at pages.LoginPage$__clinit__closure1.doCall(LoginPage.groovy:9)
	at geb.Page.verifyThisPageAtOnly(Page.groovy:228)
	at geb.Page.verifyAt(Page.groovy:182)
	at geb.Browser.doAt(Browser.groovy:455)
	at geb.Browser.at(Browser.groovy:354)
	at geb.Browser.to(Browser.groovy:566)
	at geb.Browser.to(Browser.groovy:553)
	at geb.Browser.to(Browser.groovy:520)
	at geb.binding.BindingUpdater$InvocationForwarding.doCall(BindingUpdater.groovy:73)
	at Login_steps$_run_closure1.doCall(Login_steps.groovy:6)
	at ✽.Given I am at the url "http://localhost:8090/restsocnet/login/auth"(Login.feature:4)
2015-09-14 01:12:21,399 [main] ERROR StackTrace  - Full Stack Trace:
Assertion failed: 

title ==~/Login/
|     |
|     false
Not Found

	at pages.LoginPage$__clinit__closure1.doCall(LoginPage.groovy:9)
	at geb.Page.verifyThisPageAtOnly(Page.groovy:228)
	at geb.Page.verifyAt(Page.groovy:182)
	at geb.Browser.doAt(Browser.groovy:455)
	at geb.Browser.at(Browser.groovy:354)
	at geb.Browser.to(Browser.groovy:566)
	at geb.Browser.to(Browser.groovy:553)
	at geb.Browser.to(Browser.groovy:520)
	at geb.binding.BindingUpdater$InvocationForwarding.doCall(BindingUpdater.groovy:73)
	at Login_steps$_run_closure1.doCall(Login_steps.groovy:6)
	at ✽.Given I am at the url "http://localhost:8090/restsocnet/login/auth"(Login.feature:4)
2015-09-14 01:12:21,400 [main] ERROR StackTrace  - Full Stack Trace:
Assertion failed: 

title ==~/Login/
|     |
|     false
Not Found

	at pages.LoginPage$__clinit__closure1.doCall(LoginPage.groovy:9)
	at geb.Page.verifyThisPageAtOnly(Page.groovy:228)
	at geb.Page.verifyAt(Page.groovy:182)
	at geb.Browser.doAt(Browser.groovy:455)
	at geb.Browser.at(Browser.groovy:354)
	at geb.Browser.to(Browser.groovy:566)
	at geb.Browser.to(Browser.groovy:553)
	at geb.Browser.to(Browser.groovy:520)
	at geb.binding.BindingUpdater$InvocationForwarding.doCall(BindingUpdater.groovy:73)
	at Login_steps$_run_closure1.doCall(Login_steps.groovy:6)
	at ✽.Given I am at the url "http://localhost:8090/restsocnet/login/auth"(Login.feature:4)
2015-09-14 01:13:00,073 [main] ERROR StackTrace  - Full Stack Trace:
Assertion failed: 

title ==~/Login/
|     |
|     false
Problem loading page

	at pages.LoginPage$__clinit__closure1.doCall(LoginPage.groovy:9)
	at pages.LoginPage$__clinit__closure1.doCall(LoginPage.groovy)
	at org.springsource.loaded.ri.ReflectiveInterceptor.jlrMethodInvoke(ReflectiveInterceptor.java:1270)
	at geb.Page.verifyThisPageAtOnly(Page.groovy:228)
	at geb.Page.verifyAt(Page.groovy:182)
	at pages.LoginPage.verifyAt(LoginPage.groovy)
	at geb.Page$verifyAt$0.call(Unknown Source)
	at geb.Browser.doAt(Browser.groovy:455)
	at geb.Browser.this$2$doAt(Browser.groovy)
	at org.springsource.loaded.ri.ReflectiveInterceptor.jlrMethodInvoke(ReflectiveInterceptor.java:1270)
	at geb.Browser.at(Browser.groovy:337)
	at org.springsource.loaded.ri.ReflectiveInterceptor.jlrMethodInvoke(ReflectiveInterceptor.java:1270)
	at geb.binding.BindingUpdater$InvocationForwarding.doCall(BindingUpdater.groovy:73)
	at org.springsource.loaded.ri.ReflectiveInterceptor.jlrMethodInvoke(ReflectiveInterceptor.java:1270)
	at org.springsource.loaded.ri.ReflectiveInterceptor.jlrMethodInvoke(ReflectiveInterceptor.java:1270)
	at Login_steps$_run_closure1.doCall(Login_steps.groovy:7)
	at ✽.Given I am at the url "http://localhost:8090/restsocnet/login/auth"(Login.feature:4)
2015-09-14 01:13:00,075 [main] ERROR StackTrace  - Full Stack Trace:
Assertion failed: 

title ==~/Login/
|     |
|     false
Problem loading page

	at pages.LoginPage$__clinit__closure1.doCall(LoginPage.groovy:9)
	at geb.Page.verifyThisPageAtOnly(Page.groovy:228)
	at geb.Page.verifyAt(Page.groovy:182)
	at geb.Browser.doAt(Browser.groovy:455)
	at geb.Browser.at(Browser.groovy:337)
	at geb.binding.BindingUpdater$InvocationForwarding.doCall(BindingUpdater.groovy:73)
	at Login_steps$_run_closure1.doCall(Login_steps.groovy:7)
	at ✽.Given I am at the url "http://localhost:8090/restsocnet/login/auth"(Login.feature:4)
2015-09-14 01:13:00,081 [main] ERROR StackTrace  - Full Stack Trace:
Assertion failed: 

title ==~/Login/
|     |
|     false
Problem loading page

	at pages.LoginPage$__clinit__closure1.doCall(LoginPage.groovy:9)
	at geb.Page.verifyThisPageAtOnly(Page.groovy:228)
	at geb.Page.verifyAt(Page.groovy:182)
	at geb.Browser.doAt(Browser.groovy:455)
	at geb.Browser.at(Browser.groovy:337)
	at geb.binding.BindingUpdater$InvocationForwarding.doCall(BindingUpdater.groovy:73)
	at Login_steps$_run_closure1.doCall(Login_steps.groovy:7)
	at ✽.Given I am at the url "http://localhost:8090/restsocnet/login/auth"(Login.feature:4)
2015-09-14 01:13:00,081 [main] ERROR StackTrace  - Full Stack Trace:
Assertion failed: 

title ==~/Login/
|     |
|     false
Problem loading page

	at pages.LoginPage$__clinit__closure1.doCall(LoginPage.groovy:9)
	at geb.Page.verifyThisPageAtOnly(Page.groovy:228)
	at geb.Page.verifyAt(Page.groovy:182)
	at geb.Browser.doAt(Browser.groovy:455)
	at geb.Browser.at(Browser.groovy:337)
	at geb.binding.BindingUpdater$InvocationForwarding.doCall(BindingUpdater.groovy:73)
	at Login_steps$_run_closure1.doCall(Login_steps.groovy:7)
	at ✽.Given I am at the url "http://localhost:8090/restsocnet/login/auth"(Login.feature:4)
2015-09-14 01:18:55,456 [main] ERROR StackTrace  - Full Stack Trace:
Assertion failed: 

title ==~/Login/
|     |
|     false
Problem loading page

	at pages.LoginPage$__clinit__closure1.doCall(LoginPage.groovy:9)
	at pages.LoginPage$__clinit__closure1.doCall(LoginPage.groovy)
	at org.springsource.loaded.ri.ReflectiveInterceptor.jlrMethodInvoke(ReflectiveInterceptor.java:1270)
	at geb.Page.verifyThisPageAtOnly(Page.groovy:228)
	at geb.Page.verifyAt(Page.groovy:182)
	at pages.LoginPage.verifyAt(LoginPage.groovy)
	at geb.Page$verifyAt$0.call(Unknown Source)
	at geb.Browser.doAt(Browser.groovy:455)
	at geb.Browser.this$2$doAt(Browser.groovy)
	at org.springsource.loaded.ri.ReflectiveInterceptor.jlrMethodInvoke(ReflectiveInterceptor.java:1270)
	at geb.Browser.at(Browser.groovy:337)
	at org.springsource.loaded.ri.ReflectiveInterceptor.jlrMethodInvoke(ReflectiveInterceptor.java:1270)
	at geb.binding.BindingUpdater$InvocationForwarding.doCall(BindingUpdater.groovy:73)
	at org.springsource.loaded.ri.ReflectiveInterceptor.jlrMethodInvoke(ReflectiveInterceptor.java:1270)
	at org.springsource.loaded.ri.ReflectiveInterceptor.jlrMethodInvoke(ReflectiveInterceptor.java:1270)
	at Login_steps$_run_closure1.doCall(Login_steps.groovy:7)
	at ✽.Given I am at the url "http://localhost:8090/restsocnet/login/auth"(Login.feature:4)
2015-09-14 01:18:55,461 [main] ERROR StackTrace  - Full Stack Trace:
Assertion failed: 

title ==~/Login/
|     |
|     false
Problem loading page

	at pages.LoginPage$__clinit__closure1.doCall(LoginPage.groovy:9)
	at geb.Page.verifyThisPageAtOnly(Page.groovy:228)
	at geb.Page.verifyAt(Page.groovy:182)
	at geb.Browser.doAt(Browser.groovy:455)
	at geb.Browser.at(Browser.groovy:337)
	at geb.binding.BindingUpdater$InvocationForwarding.doCall(BindingUpdater.groovy:73)
	at Login_steps$_run_closure1.doCall(Login_steps.groovy:7)
	at ✽.Given I am at the url "http://localhost:8090/restsocnet/login/auth"(Login.feature:4)
2015-09-14 01:18:55,470 [main] ERROR StackTrace  - Full Stack Trace:
Assertion failed: 

title ==~/Login/
|     |
|     false
Problem loading page

	at pages.LoginPage$__clinit__closure1.doCall(LoginPage.groovy:9)
	at geb.Page.verifyThisPageAtOnly(Page.groovy:228)
	at geb.Page.verifyAt(Page.groovy:182)
	at geb.Browser.doAt(Browser.groovy:455)
	at geb.Browser.at(Browser.groovy:337)
	at geb.binding.BindingUpdater$InvocationForwarding.doCall(BindingUpdater.groovy:73)
	at Login_steps$_run_closure1.doCall(Login_steps.groovy:7)
	at ✽.Given I am at the url "http://localhost:8090/restsocnet/login/auth"(Login.feature:4)
2015-09-14 01:18:55,470 [main] ERROR StackTrace  - Full Stack Trace:
Assertion failed: 

title ==~/Login/
|     |
|     false
Problem loading page

	at pages.LoginPage$__clinit__closure1.doCall(LoginPage.groovy:9)
	at geb.Page.verifyThisPageAtOnly(Page.groovy:228)
	at geb.Page.verifyAt(Page.groovy:182)
	at geb.Browser.doAt(Browser.groovy:455)
	at geb.Browser.at(Browser.groovy:337)
	at geb.binding.BindingUpdater$InvocationForwarding.doCall(BindingUpdater.groovy:73)
	at Login_steps$_run_closure1.doCall(Login_steps.groovy:7)
	at ✽.Given I am at the url "http://localhost:8090/restsocnet/login/auth"(Login.feature:4)
2015-09-14 01:20:41,035 [main] ERROR StackTrace  - Full Stack Trace:
Assertion failed: 

assert false


	at Login_steps$_run_closure2.doCall(Login_steps.groovy:11)
	at ✽.When I type "user1" in the username field and "password" in the password field and login(Login.feature:5)
2015-09-14 01:20:41,039 [main] ERROR StackTrace  - Full Stack Trace:
Assertion failed: 

assert false


	at Login_steps$_run_closure2.doCall(Login_steps.groovy:11)
	at ✽.When I type "user1" in the username field and "password" in the password field and login(Login.feature:5)
2015-09-14 01:20:41,048 [main] ERROR StackTrace  - Full Stack Trace:
Assertion failed: 

assert false


	at Login_steps$_run_closure2.doCall(Login_steps.groovy:11)
	at ✽.When I type "user1" in the username field and "password" in the password field and login(Login.feature:5)
2015-09-14 01:20:41,048 [main] ERROR StackTrace  - Full Stack Trace:
Assertion failed: 

assert false


	at Login_steps$_run_closure2.doCall(Login_steps.groovy:11)
	at ✽.When I type "user1" in the username field and "password" in the password field and login(Login.feature:5)
2015-09-14 01:27:30,180 [main] ERROR StackTrace  - Full Stack Trace:
geb.error.RequiredPageContentNotPresent: The required page content 'btnLogin - SimplePageContent (owner: pages.LoginPage, args: [], value: null)' is not present
	at org.springsource.loaded.ri.ReflectiveInterceptor.jlrConstructorNewInstance(ReflectiveInterceptor.java:1002)
	at geb.content.TemplateDerivedPageContent.require(TemplateDerivedPageContent.groovy:68)
	at org.springsource.loaded.ri.ReflectiveInterceptor.jlrMethodInvoke(ReflectiveInterceptor.java:1270)
	at geb.content.PageContentTemplate$_create_closure1.doCall(PageContentTemplate.groovy:67)
	at geb.content.PageContentTemplate$_create_closure1.doCall(PageContentTemplate.groovy)
	at org.springsource.loaded.ri.ReflectiveInterceptor.jlrMethodInvoke(ReflectiveInterceptor.java:1270)
	at geb.content.PageContentTemplate.create(PageContentTemplate.groovy:86)
	at geb.content.PageContentTemplate.this$2$create(PageContentTemplate.groovy)
	at org.springsource.loaded.ri.ReflectiveInterceptor.jlrMethodInvoke(ReflectiveInterceptor.java:1270)
	at geb.content.PageContentTemplate.get(PageContentTemplate.groovy:58)
	at org.springsource.loaded.ri.ReflectiveInterceptor.jlrMethodInvoke(ReflectiveInterceptor.java:1270)
	at geb.content.DefaultPageContentSupport.getContent(DefaultPageContentSupport.groovy:42)
	at org.springsource.loaded.ri.ReflectiveInterceptor.jlrMethodInvoke(ReflectiveInterceptor.java:1270)
	at geb.content.PageContentSupport.propertyMissing(PageContentSupport.groovy:39)
	at geb.content.PageContentSupport$propertyMissing$0.call(Unknown Source)
	at geb.Page.propertyMissing(Page.groovy:99)
	at pages.LoginPage.propertyMissing(LoginPage.groovy)
	at org.springsource.loaded.ri.ReflectiveInterceptor.jlrMethodInvoke(ReflectiveInterceptor.java:1270)
	at pages.LoginPage.login(LoginPage.groovy:23)
	at pages.LoginPage$login.call(Unknown Source)
	at Login_steps$_run_closure2.doCall(Login_steps.groovy:11)
	at ✽.When I type "user1" in the username field and "password" in the password field and login(Login.feature:5)
2015-09-14 01:27:30,188 [main] ERROR StackTrace  - Full Stack Trace:
geb.error.RequiredPageContentNotPresent: The required page content 'btnLogin - SimplePageContent (owner: pages.LoginPage, args: [], value: null)' is not present
	at geb.content.TemplateDerivedPageContent.require(TemplateDerivedPageContent.groovy:68)
	at geb.content.PageContentTemplate$_create_closure1.doCall(PageContentTemplate.groovy:67)
	at geb.content.PageContentTemplate.create(PageContentTemplate.groovy:86)
	at geb.content.PageContentTemplate.get(PageContentTemplate.groovy:58)
	at geb.content.DefaultPageContentSupport.getContent(DefaultPageContentSupport.groovy:42)
	at geb.content.PageContentSupport.propertyMissing(PageContentSupport.groovy:39)
	at geb.Page.propertyMissing(Page.groovy:99)
	at pages.LoginPage.login(LoginPage.groovy:23)
	at Login_steps$_run_closure2.doCall(Login_steps.groovy:11)
	at ✽.When I type "user1" in the username field and "password" in the password field and login(Login.feature:5)
2015-09-14 01:27:30,198 [main] ERROR StackTrace  - Full Stack Trace:
geb.error.RequiredPageContentNotPresent: The required page content 'btnLogin - SimplePageContent (owner: pages.LoginPage, args: [], value: null)' is not present
	at geb.content.TemplateDerivedPageContent.require(TemplateDerivedPageContent.groovy:68)
	at geb.content.PageContentTemplate$_create_closure1.doCall(PageContentTemplate.groovy:67)
	at geb.content.PageContentTemplate.create(PageContentTemplate.groovy:86)
	at geb.content.PageContentTemplate.get(PageContentTemplate.groovy:58)
	at geb.content.DefaultPageContentSupport.getContent(DefaultPageContentSupport.groovy:42)
	at geb.content.PageContentSupport.propertyMissing(PageContentSupport.groovy:39)
	at geb.Page.propertyMissing(Page.groovy:99)
	at pages.LoginPage.login(LoginPage.groovy:23)
	at Login_steps$_run_closure2.doCall(Login_steps.groovy:11)
	at ✽.When I type "user1" in the username field and "password" in the password field and login(Login.feature:5)
2015-09-14 01:27:30,198 [main] ERROR StackTrace  - Full Stack Trace:
geb.error.RequiredPageContentNotPresent: The required page content 'btnLogin - SimplePageContent (owner: pages.LoginPage, args: [], value: null)' is not present
	at geb.content.TemplateDerivedPageContent.require(TemplateDerivedPageContent.groovy:68)
	at geb.content.PageContentTemplate$_create_closure1.doCall(PageContentTemplate.groovy:67)
	at geb.content.PageContentTemplate.create(PageContentTemplate.groovy:86)
	at geb.content.PageContentTemplate.get(PageContentTemplate.groovy:58)
	at geb.content.DefaultPageContentSupport.getContent(DefaultPageContentSupport.groovy:42)
	at geb.content.PageContentSupport.propertyMissing(PageContentSupport.groovy:39)
	at geb.Page.propertyMissing(Page.groovy:99)
	at pages.LoginPage.login(LoginPage.groovy:23)
	at Login_steps$_run_closure2.doCall(Login_steps.groovy:11)
	at ✽.When I type "user1" in the username field and "password" in the password field and login(Login.feature:5)
2015-09-14 01:29:15,360 [main] ERROR StackTrace  - Full Stack Trace:
org.openqa.selenium.InvalidSelectorException: The given selector input.[type=submit] is either invalid or does not result in a WebElement. The following error occurred:
InvalidSelectorError: An invalid or illegal selector was specified
Command duration or timeout: 10 milliseconds
For documentation on this error, please visit: http://seleniumhq.org/exceptions/invalid_selector_exception.html
Build info: version: '2.47.1', revision: 'unknown', time: '2015-07-30 11:02:44'
System info: host: 'Poseidon', ip: '192.168.254.102', os.name: 'Windows 7', os.arch: 'amd64', os.version: '6.1', java.version: '1.8.0_40'
Driver info: org.openqa.selenium.firefox.FirefoxDriver
Capabilities [{applicationCacheEnabled=true, rotatable=false, handlesAlerts=true, databaseEnabled=true, version=39.0, platform=WINDOWS, nativeEvents=false, acceptSslCerts=true, webStorageEnabled=true, locationContextEnabled=true, browserName=firefox, takesScreenshot=true, javascriptEnabled=true, cssSelectorsEnabled=true}]
Session ID: c0113b7a-67c5-4d13-a493-a3918fb1bae4
*** Element info: {Using=css selector, value=input.[type=submit]}
	at org.springsource.loaded.ri.ReflectiveInterceptor.jlrConstructorNewInstance(ReflectiveInterceptor.java:1002)
	at org.openqa.selenium.remote.ErrorHandler.createThrowable(ErrorHandler.java:206)
	at org.openqa.selenium.remote.ErrorHandler.throwIfResponseFailed(ErrorHandler.java:158)
	at org.openqa.selenium.remote.RemoteWebDriver.execute(RemoteWebDriver.java:595)
	at org.openqa.selenium.remote.RemoteWebDriver.findElements(RemoteWebDriver.java:373)
	at org.openqa.selenium.remote.RemoteWebDriver.findElementsByCssSelector(RemoteWebDriver.java:441)
	at org.openqa.selenium.By$ByCssSelector.findElements(By.java:437)
	at org.openqa.selenium.remote.RemoteWebDriver.findElements(RemoteWebDriver.java:336)
	at org.openqa.selenium.WebDriver$findElements$0.call(Unknown Source)
	at geb.navigator.SearchContextBasedBasicLocator.find(SearchContextBasedBasicLocator.groovy:49)
	at geb.navigator.BasicLocator$find.call(Unknown Source)
	at geb.navigator.DefaultLocator.find(DefaultLocator.groovy:22)
	at geb.navigator.BasicLocator$find.callCurrent(Unknown Source)
	at geb.navigator.DefaultLocator.find(DefaultLocator.groovy:31)
	at geb.navigator.Locator$find.call(Unknown Source)
	at geb.content.NavigableSupport.$(NavigableSupport.groovy:70)
	at org.springsource.loaded.ri.ReflectiveInterceptor.jlrMethodInvoke(ReflectiveInterceptor.java:1270)
	at geb.content.PageContentTemplateFactoryDelegate.$(PageContentTemplateFactoryDelegate.groovy:126)
	at org.springsource.loaded.ri.ReflectiveInterceptor.jlrMethodInvoke(ReflectiveInterceptor.java:1270)
	at pages.LoginPage$__clinit__closure2$_closure5.doCall(LoginPage.groovy:16)
	at pages.LoginPage$__clinit__closure2$_closure5.doCall(LoginPage.groovy)
	at org.springsource.loaded.ri.ReflectiveInterceptor.jlrMethodInvoke(ReflectiveInterceptor.java:1270)
	at geb.content.PageContentTemplate.invokeFactory(PageContentTemplate.groovy:101)
	at geb.content.PageContentTemplate.this$2$invokeFactory(PageContentTemplate.groovy)
	at org.springsource.loaded.ri.ReflectiveInterceptor.jlrMethodInvoke(ReflectiveInterceptor.java:1270)
	at geb.content.PageContentTemplate$_create_closure1.doCall(PageContentTemplate.groovy:63)
	at geb.content.PageContentTemplate$_create_closure1.doCall(PageContentTemplate.groovy)
	at org.springsource.loaded.ri.ReflectiveInterceptor.jlrMethodInvoke(ReflectiveInterceptor.java:1270)
	at geb.content.PageContentTemplate.create(PageContentTemplate.groovy:86)
	at geb.content.PageContentTemplate.this$2$create(PageContentTemplate.groovy)
	at org.springsource.loaded.ri.ReflectiveInterceptor.jlrMethodInvoke(ReflectiveInterceptor.java:1270)
	at geb.content.PageContentTemplate.get(PageContentTemplate.groovy:58)
	at org.springsource.loaded.ri.ReflectiveInterceptor.jlrMethodInvoke(ReflectiveInterceptor.java:1270)
	at geb.content.DefaultPageContentSupport.getContent(DefaultPageContentSupport.groovy:42)
	at org.springsource.loaded.ri.ReflectiveInterceptor.jlrMethodInvoke(ReflectiveInterceptor.java:1270)
	at geb.content.PageContentSupport.propertyMissing(PageContentSupport.groovy:39)
	at geb.content.PageContentSupport$propertyMissing$0.call(Unknown Source)
	at geb.Page.propertyMissing(Page.groovy:99)
	at pages.LoginPage.propertyMissing(LoginPage.groovy)
	at org.springsource.loaded.ri.ReflectiveInterceptor.jlrMethodInvoke(ReflectiveInterceptor.java:1270)
	at pages.LoginPage.login(LoginPage.groovy:23)
	at pages.LoginPage$login.call(Unknown Source)
	at Login_steps$_run_closure2.doCall(Login_steps.groovy:11)
	at ✽.When I type "user1" in the username field and "password" in the password field and login(Login.feature:5)
Caused by: org.openqa.selenium.InvalidSelectorException: The given selector input.[type=submit] is either invalid or does not result in a WebElement. The following error occurred:
InvalidSelectorError: An invalid or illegal selector was specified
For documentation on this error, please visit: http://seleniumhq.org/exceptions/invalid_selector_exception.html
Build info: version: '2.47.1', revision: 'unknown', time: '2015-07-30 11:02:44'
System info: host: 'Poseidon', ip: '192.168.254.102', os.name: 'Windows 7', os.arch: 'amd64', os.version: '6.1', java.version: '1.8.0_40'
Driver info: driver.version: unknown
	at <anonymous class>.FirefoxDriver.annotateInvalidSelectorError_(file:///C:/Users/Patrick/AppData/Local/Temp/anonymous1101363138773725723webdriver-profile/extensions/fxdriver@googlecode.com/components/driver-component.js:10641)
	at <anonymous class>.FirefoxDriver.prototype.findElementsInternal_(file:///C:/Users/Patrick/AppData/Local/Temp/anonymous1101363138773725723webdriver-profile/extensions/fxdriver@googlecode.com/components/driver-component.js:10699)
	at <anonymous class>.FirefoxDriver.prototype.findElements(file:///C:/Users/Patrick/AppData/Local/Temp/anonymous1101363138773725723webdriver-profile/extensions/fxdriver@googlecode.com/components/driver-component.js:10703)
	at <anonymous class>.DelayedCommand.prototype.executeInternal_/h(file:///C:/Users/Patrick/AppData/Local/Temp/anonymous1101363138773725723webdriver-profile/extensions/fxdriver@googlecode.com/components/command-processor.js:12643)
	at <anonymous class>.DelayedCommand.prototype.executeInternal_(file:///C:/Users/Patrick/AppData/Local/Temp/anonymous1101363138773725723webdriver-profile/extensions/fxdriver@googlecode.com/components/command-processor.js:12648)
	at <anonymous class>.DelayedCommand.prototype.execute/<(file:///C:/Users/Patrick/AppData/Local/Temp/anonymous1101363138773725723webdriver-profile/extensions/fxdriver@googlecode.com/components/command-processor.js:12590)
2015-09-14 01:29:15,363 [main] ERROR StackTrace  - Full Stack Trace:
org.openqa.selenium.InvalidSelectorException: The given selector input.[type=submit] is either invalid or does not result in a WebElement. The following error occurred:
InvalidSelectorError: An invalid or illegal selector was specified
For documentation on this error, please visit: http://seleniumhq.org/exceptions/invalid_selector_exception.html
Build info: version: '2.47.1', revision: 'unknown', time: '2015-07-30 11:02:44'
System info: host: 'Poseidon', ip: '192.168.254.102', os.name: 'Windows 7', os.arch: 'amd64', os.version: '6.1', java.version: '1.8.0_40'
Driver info: driver.version: unknown
	at <anonymous class>.FirefoxDriver.annotateInvalidSelectorError_(file:///C:/Users/Patrick/AppData/Local/Temp/anonymous1101363138773725723webdriver-profile/extensions/fxdriver@googlecode.com/components/driver-component.js:10641)
	at <anonymous class>.FirefoxDriver.prototype.findElementsInternal_(file:///C:/Users/Patrick/AppData/Local/Temp/anonymous1101363138773725723webdriver-profile/extensions/fxdriver@googlecode.com/components/driver-component.js:10699)
	at <anonymous class>.FirefoxDriver.prototype.findElements(file:///C:/Users/Patrick/AppData/Local/Temp/anonymous1101363138773725723webdriver-profile/extensions/fxdriver@googlecode.com/components/driver-component.js:10703)
	at <anonymous class>.DelayedCommand.prototype.executeInternal_/h(file:///C:/Users/Patrick/AppData/Local/Temp/anonymous1101363138773725723webdriver-profile/extensions/fxdriver@googlecode.com/components/command-processor.js:12643)
	at <anonymous class>.DelayedCommand.prototype.executeInternal_(file:///C:/Users/Patrick/AppData/Local/Temp/anonymous1101363138773725723webdriver-profile/extensions/fxdriver@googlecode.com/components/command-processor.js:12648)
	at <anonymous class>.DelayedCommand.prototype.execute/<(file:///C:/Users/Patrick/AppData/Local/Temp/anonymous1101363138773725723webdriver-profile/extensions/fxdriver@googlecode.com/components/command-processor.js:12590)
2015-09-14 01:29:15,363 [main] ERROR StackTrace  - Full Stack Trace:
org.openqa.selenium.InvalidSelectorException: The given selector input.[type=submit] is either invalid or does not result in a WebElement. The following error occurred:
InvalidSelectorError: An invalid or illegal selector was specified
Command duration or timeout: 10 milliseconds
For documentation on this error, please visit: http://seleniumhq.org/exceptions/invalid_selector_exception.html
Build info: version: '2.47.1', revision: 'unknown', time: '2015-07-30 11:02:44'
System info: host: 'Poseidon', ip: '192.168.254.102', os.name: 'Windows 7', os.arch: 'amd64', os.version: '6.1', java.version: '1.8.0_40'
Driver info: org.openqa.selenium.firefox.FirefoxDriver
Capabilities [{applicationCacheEnabled=true, rotatable=false, handlesAlerts=true, databaseEnabled=true, version=39.0, platform=WINDOWS, nativeEvents=false, acceptSslCerts=true, webStorageEnabled=true, locationContextEnabled=true, browserName=firefox, takesScreenshot=true, javascriptEnabled=true, cssSelectorsEnabled=true}]
Session ID: c0113b7a-67c5-4d13-a493-a3918fb1bae4
*** Element info: {Using=css selector, value=input.[type=submit]}
	at org.openqa.selenium.remote.ErrorHandler.createThrowable(ErrorHandler.java:206)
	at org.openqa.selenium.remote.ErrorHandler.throwIfResponseFailed(ErrorHandler.java:158)
	at org.openqa.selenium.remote.RemoteWebDriver.execute(RemoteWebDriver.java:595)
	at org.openqa.selenium.remote.RemoteWebDriver.findElements(RemoteWebDriver.java:373)
	at org.openqa.selenium.remote.RemoteWebDriver.findElementsByCssSelector(RemoteWebDriver.java:441)
	at org.openqa.selenium.By$ByCssSelector.findElements(By.java:437)
	at org.openqa.selenium.remote.RemoteWebDriver.findElements(RemoteWebDriver.java:336)
	at geb.navigator.SearchContextBasedBasicLocator.find(SearchContextBasedBasicLocator.groovy:49)
	at geb.navigator.DefaultLocator.find(DefaultLocator.groovy:22)
	at geb.navigator.DefaultLocator.find(DefaultLocator.groovy:31)
	at geb.content.NavigableSupport.$(NavigableSupport.groovy:70)
	at geb.content.PageContentTemplateFactoryDelegate.$(PageContentTemplateFactoryDelegate.groovy:126)
	at pages.LoginPage$__clinit__closure2$_closure5.doCall(LoginPage.groovy:16)
	at geb.content.PageContentTemplate.invokeFactory(PageContentTemplate.groovy:101)
	at geb.content.PageContentTemplate$_create_closure1.doCall(PageContentTemplate.groovy:63)
	at geb.content.PageContentTemplate.create(PageContentTemplate.groovy:86)
	at geb.content.PageContentTemplate.get(PageContentTemplate.groovy:58)
	at geb.content.DefaultPageContentSupport.getContent(DefaultPageContentSupport.groovy:42)
	at geb.content.PageContentSupport.propertyMissing(PageContentSupport.groovy:39)
	at geb.Page.propertyMissing(Page.groovy:99)
	at pages.LoginPage.login(LoginPage.groovy:23)
	at Login_steps$_run_closure2.doCall(Login_steps.groovy:11)
	at ✽.When I type "user1" in the username field and "password" in the password field and login(Login.feature:5)
Caused by: org.openqa.selenium.InvalidSelectorException: The given selector input.[type=submit] is either invalid or does not result in a WebElement. The following error occurred:
InvalidSelectorError: An invalid or illegal selector was specified
For documentation on this error, please visit: http://seleniumhq.org/exceptions/invalid_selector_exception.html
Build info: version: '2.47.1', revision: 'unknown', time: '2015-07-30 11:02:44'
System info: host: 'Poseidon', ip: '192.168.254.102', os.name: 'Windows 7', os.arch: 'amd64', os.version: '6.1', java.version: '1.8.0_40'
Driver info: driver.version: unknown
	at <anonymous class>.FirefoxDriver.annotateInvalidSelectorError_(file:///C:/Users/Patrick/AppData/Local/Temp/anonymous1101363138773725723webdriver-profile/extensions/fxdriver@googlecode.com/components/driver-component.js:10641)
	at <anonymous class>.FirefoxDriver.prototype.findElementsInternal_(file:///C:/Users/Patrick/AppData/Local/Temp/anonymous1101363138773725723webdriver-profile/extensions/fxdriver@googlecode.com/components/driver-component.js:10699)
	at <anonymous class>.FirefoxDriver.prototype.findElements(file:///C:/Users/Patrick/AppData/Local/Temp/anonymous1101363138773725723webdriver-profile/extensions/fxdriver@googlecode.com/components/driver-component.js:10703)
	at <anonymous class>.DelayedCommand.prototype.executeInternal_/h(file:///C:/Users/Patrick/AppData/Local/Temp/anonymous1101363138773725723webdriver-profile/extensions/fxdriver@googlecode.com/components/command-processor.js:12643)
	at <anonymous class>.DelayedCommand.prototype.executeInternal_(file:///C:/Users/Patrick/AppData/Local/Temp/anonymous1101363138773725723webdriver-profile/extensions/fxdriver@googlecode.com/components/command-processor.js:12648)
	at <anonymous class>.DelayedCommand.prototype.execute/<(file:///C:/Users/Patrick/AppData/Local/Temp/anonymous1101363138773725723webdriver-profile/extensions/fxdriver@googlecode.com/components/command-processor.js:12590)
2015-09-14 01:29:15,371 [main] ERROR StackTrace  - Full Stack Trace:
org.openqa.selenium.InvalidSelectorException: The given selector input.[type=submit] is either invalid or does not result in a WebElement. The following error occurred:
InvalidSelectorError: An invalid or illegal selector was specified
Command duration or timeout: 10 milliseconds
For documentation on this error, please visit: http://seleniumhq.org/exceptions/invalid_selector_exception.html
Build info: version: '2.47.1', revision: 'unknown', time: '2015-07-30 11:02:44'
System info: host: 'Poseidon', ip: '192.168.254.102', os.name: 'Windows 7', os.arch: 'amd64', os.version: '6.1', java.version: '1.8.0_40'
Driver info: org.openqa.selenium.firefox.FirefoxDriver
Capabilities [{applicationCacheEnabled=true, rotatable=false, handlesAlerts=true, databaseEnabled=true, version=39.0, platform=WINDOWS, nativeEvents=false, acceptSslCerts=true, webStorageEnabled=true, locationContextEnabled=true, browserName=firefox, takesScreenshot=true, javascriptEnabled=true, cssSelectorsEnabled=true}]
Session ID: c0113b7a-67c5-4d13-a493-a3918fb1bae4
*** Element info: {Using=css selector, value=input.[type=submit]}
	at org.openqa.selenium.remote.ErrorHandler.createThrowable(ErrorHandler.java:206)
	at org.openqa.selenium.remote.ErrorHandler.throwIfResponseFailed(ErrorHandler.java:158)
	at org.openqa.selenium.remote.RemoteWebDriver.execute(RemoteWebDriver.java:595)
	at org.openqa.selenium.remote.RemoteWebDriver.findElements(RemoteWebDriver.java:373)
	at org.openqa.selenium.remote.RemoteWebDriver.findElementsByCssSelector(RemoteWebDriver.java:441)
	at org.openqa.selenium.By$ByCssSelector.findElements(By.java:437)
	at org.openqa.selenium.remote.RemoteWebDriver.findElements(RemoteWebDriver.java:336)
	at geb.navigator.SearchContextBasedBasicLocator.find(SearchContextBasedBasicLocator.groovy:49)
	at geb.navigator.DefaultLocator.find(DefaultLocator.groovy:22)
	at geb.navigator.DefaultLocator.find(DefaultLocator.groovy:31)
	at geb.content.NavigableSupport.$(NavigableSupport.groovy:70)
	at geb.content.PageContentTemplateFactoryDelegate.$(PageContentTemplateFactoryDelegate.groovy:126)
	at pages.LoginPage$__clinit__closure2$_closure5.doCall(LoginPage.groovy:16)
	at geb.content.PageContentTemplate.invokeFactory(PageContentTemplate.groovy:101)
	at geb.content.PageContentTemplate$_create_closure1.doCall(PageContentTemplate.groovy:63)
	at geb.content.PageContentTemplate.create(PageContentTemplate.groovy:86)
	at geb.content.PageContentTemplate.get(PageContentTemplate.groovy:58)
	at geb.content.DefaultPageContentSupport.getContent(DefaultPageContentSupport.groovy:42)
	at geb.content.PageContentSupport.propertyMissing(PageContentSupport.groovy:39)
	at geb.Page.propertyMissing(Page.groovy:99)
	at pages.LoginPage.login(LoginPage.groovy:23)
	at Login_steps$_run_closure2.doCall(Login_steps.groovy:11)
	at ✽.When I type "user1" in the username field and "password" in the password field and login(Login.feature:5)
Caused by: org.openqa.selenium.InvalidSelectorException: The given selector input.[type=submit] is either invalid or does not result in a WebElement. The following error occurred:
InvalidSelectorError: An invalid or illegal selector was specified
For documentation on this error, please visit: http://seleniumhq.org/exceptions/invalid_selector_exception.html
Build info: version: '2.47.1', revision: 'unknown', time: '2015-07-30 11:02:44'
System info: host: 'Poseidon', ip: '192.168.254.102', os.name: 'Windows 7', os.arch: 'amd64', os.version: '6.1', java.version: '1.8.0_40'
Driver info: driver.version: unknown
	at <anonymous class>.FirefoxDriver.annotateInvalidSelectorError_(file:///C:/Users/Patrick/AppData/Local/Temp/anonymous1101363138773725723webdriver-profile/extensions/fxdriver@googlecode.com/components/driver-component.js:10641)
	at <anonymous class>.FirefoxDriver.prototype.findElementsInternal_(file:///C:/Users/Patrick/AppData/Local/Temp/anonymous1101363138773725723webdriver-profile/extensions/fxdriver@googlecode.com/components/driver-component.js:10699)
	at <anonymous class>.FirefoxDriver.prototype.findElements(file:///C:/Users/Patrick/AppData/Local/Temp/anonymous1101363138773725723webdriver-profile/extensions/fxdriver@googlecode.com/components/driver-component.js:10703)
	at <anonymous class>.DelayedCommand.prototype.executeInternal_/h(file:///C:/Users/Patrick/AppData/Local/Temp/anonymous1101363138773725723webdriver-profile/extensions/fxdriver@googlecode.com/components/command-processor.js:12643)
	at <anonymous class>.DelayedCommand.prototype.executeInternal_(file:///C:/Users/Patrick/AppData/Local/Temp/anonymous1101363138773725723webdriver-profile/extensions/fxdriver@googlecode.com/components/command-processor.js:12648)
	at <anonymous class>.DelayedCommand.prototype.execute/<(file:///C:/Users/Patrick/AppData/Local/Temp/anonymous1101363138773725723webdriver-profile/extensions/fxdriver@googlecode.com/components/command-processor.js:12590)
2015-09-14 01:29:15,371 [main] ERROR StackTrace  - Full Stack Trace:
org.openqa.selenium.InvalidSelectorException: The given selector input.[type=submit] is either invalid or does not result in a WebElement. The following error occurred:
InvalidSelectorError: An invalid or illegal selector was specified
For documentation on this error, please visit: http://seleniumhq.org/exceptions/invalid_selector_exception.html
Build info: version: '2.47.1', revision: 'unknown', time: '2015-07-30 11:02:44'
System info: host: 'Poseidon', ip: '192.168.254.102', os.name: 'Windows 7', os.arch: 'amd64', os.version: '6.1', java.version: '1.8.0_40'
Driver info: driver.version: unknown
	at <anonymous class>.FirefoxDriver.annotateInvalidSelectorError_(file:///C:/Users/Patrick/AppData/Local/Temp/anonymous1101363138773725723webdriver-profile/extensions/fxdriver@googlecode.com/components/driver-component.js:10641)
	at <anonymous class>.FirefoxDriver.prototype.findElementsInternal_(file:///C:/Users/Patrick/AppData/Local/Temp/anonymous1101363138773725723webdriver-profile/extensions/fxdriver@googlecode.com/components/driver-component.js:10699)
	at <anonymous class>.FirefoxDriver.prototype.findElements(file:///C:/Users/Patrick/AppData/Local/Temp/anonymous1101363138773725723webdriver-profile/extensions/fxdriver@googlecode.com/components/driver-component.js:10703)
	at <anonymous class>.DelayedCommand.prototype.executeInternal_/h(file:///C:/Users/Patrick/AppData/Local/Temp/anonymous1101363138773725723webdriver-profile/extensions/fxdriver@googlecode.com/components/command-processor.js:12643)
	at <anonymous class>.DelayedCommand.prototype.executeInternal_(file:///C:/Users/Patrick/AppData/Local/Temp/anonymous1101363138773725723webdriver-profile/extensions/fxdriver@googlecode.com/components/command-processor.js:12648)
	at <anonymous class>.DelayedCommand.prototype.execute/<(file:///C:/Users/Patrick/AppData/Local/Temp/anonymous1101363138773725723webdriver-profile/extensions/fxdriver@googlecode.com/components/command-processor.js:12590)
2015-09-14 01:29:15,372 [main] ERROR StackTrace  - Full Stack Trace:
org.openqa.selenium.InvalidSelectorException: The given selector input.[type=submit] is either invalid or does not result in a WebElement. The following error occurred:
InvalidSelectorError: An invalid or illegal selector was specified
Command duration or timeout: 10 milliseconds
For documentation on this error, please visit: http://seleniumhq.org/exceptions/invalid_selector_exception.html
Build info: version: '2.47.1', revision: 'unknown', time: '2015-07-30 11:02:44'
System info: host: 'Poseidon', ip: '192.168.254.102', os.name: 'Windows 7', os.arch: 'amd64', os.version: '6.1', java.version: '1.8.0_40'
Driver info: org.openqa.selenium.firefox.FirefoxDriver
Capabilities [{applicationCacheEnabled=true, rotatable=false, handlesAlerts=true, databaseEnabled=true, version=39.0, platform=WINDOWS, nativeEvents=false, acceptSslCerts=true, webStorageEnabled=true, locationContextEnabled=true, browserName=firefox, takesScreenshot=true, javascriptEnabled=true, cssSelectorsEnabled=true}]
Session ID: c0113b7a-67c5-4d13-a493-a3918fb1bae4
*** Element info: {Using=css selector, value=input.[type=submit]}
	at org.openqa.selenium.remote.ErrorHandler.createThrowable(ErrorHandler.java:206)
	at org.openqa.selenium.remote.ErrorHandler.throwIfResponseFailed(ErrorHandler.java:158)
	at org.openqa.selenium.remote.RemoteWebDriver.execute(RemoteWebDriver.java:595)
	at org.openqa.selenium.remote.RemoteWebDriver.findElements(RemoteWebDriver.java:373)
	at org.openqa.selenium.remote.RemoteWebDriver.findElementsByCssSelector(RemoteWebDriver.java:441)
	at org.openqa.selenium.By$ByCssSelector.findElements(By.java:437)
	at org.openqa.selenium.remote.RemoteWebDriver.findElements(RemoteWebDriver.java:336)
	at geb.navigator.SearchContextBasedBasicLocator.find(SearchContextBasedBasicLocator.groovy:49)
	at geb.navigator.DefaultLocator.find(DefaultLocator.groovy:22)
	at geb.navigator.DefaultLocator.find(DefaultLocator.groovy:31)
	at geb.content.NavigableSupport.$(NavigableSupport.groovy:70)
	at geb.content.PageContentTemplateFactoryDelegate.$(PageContentTemplateFactoryDelegate.groovy:126)
	at pages.LoginPage$__clinit__closure2$_closure5.doCall(LoginPage.groovy:16)
	at geb.content.PageContentTemplate.invokeFactory(PageContentTemplate.groovy:101)
	at geb.content.PageContentTemplate$_create_closure1.doCall(PageContentTemplate.groovy:63)
	at geb.content.PageContentTemplate.create(PageContentTemplate.groovy:86)
	at geb.content.PageContentTemplate.get(PageContentTemplate.groovy:58)
	at geb.content.DefaultPageContentSupport.getContent(DefaultPageContentSupport.groovy:42)
	at geb.content.PageContentSupport.propertyMissing(PageContentSupport.groovy:39)
	at geb.Page.propertyMissing(Page.groovy:99)
	at pages.LoginPage.login(LoginPage.groovy:23)
	at Login_steps$_run_closure2.doCall(Login_steps.groovy:11)
	at ✽.When I type "user1" in the username field and "password" in the password field and login(Login.feature:5)
Caused by: org.openqa.selenium.InvalidSelectorException: The given selector input.[type=submit] is either invalid or does not result in a WebElement. The following error occurred:
InvalidSelectorError: An invalid or illegal selector was specified
For documentation on this error, please visit: http://seleniumhq.org/exceptions/invalid_selector_exception.html
Build info: version: '2.47.1', revision: 'unknown', time: '2015-07-30 11:02:44'
System info: host: 'Poseidon', ip: '192.168.254.102', os.name: 'Windows 7', os.arch: 'amd64', os.version: '6.1', java.version: '1.8.0_40'
Driver info: driver.version: unknown
	at <anonymous class>.FirefoxDriver.annotateInvalidSelectorError_(file:///C:/Users/Patrick/AppData/Local/Temp/anonymous1101363138773725723webdriver-profile/extensions/fxdriver@googlecode.com/components/driver-component.js:10641)
	at <anonymous class>.FirefoxDriver.prototype.findElementsInternal_(file:///C:/Users/Patrick/AppData/Local/Temp/anonymous1101363138773725723webdriver-profile/extensions/fxdriver@googlecode.com/components/driver-component.js:10699)
	at <anonymous class>.FirefoxDriver.prototype.findElements(file:///C:/Users/Patrick/AppData/Local/Temp/anonymous1101363138773725723webdriver-profile/extensions/fxdriver@googlecode.com/components/driver-component.js:10703)
	at <anonymous class>.DelayedCommand.prototype.executeInternal_/h(file:///C:/Users/Patrick/AppData/Local/Temp/anonymous1101363138773725723webdriver-profile/extensions/fxdriver@googlecode.com/components/command-processor.js:12643)
	at <anonymous class>.DelayedCommand.prototype.executeInternal_(file:///C:/Users/Patrick/AppData/Local/Temp/anonymous1101363138773725723webdriver-profile/extensions/fxdriver@googlecode.com/components/command-processor.js:12648)
	at <anonymous class>.DelayedCommand.prototype.execute/<(file:///C:/Users/Patrick/AppData/Local/Temp/anonymous1101363138773725723webdriver-profile/extensions/fxdriver@googlecode.com/components/command-processor.js:12590)
2015-09-14 01:30:47,732 [main] ERROR StackTrace  - Full Stack Trace:
Assertion failed: 

assert false


	at Login_steps$_run_closure3.doCall(Login_steps.groovy:14)
	at ✽.Then I should be able to view the home page for logged in users(Login.feature:6)
2015-09-14 01:30:47,734 [main] ERROR StackTrace  - Full Stack Trace:
Assertion failed: 

assert false


	at Login_steps$_run_closure3.doCall(Login_steps.groovy:14)
	at ✽.Then I should be able to view the home page for logged in users(Login.feature:6)
2015-09-14 01:30:47,741 [main] ERROR StackTrace  - Full Stack Trace:
Assertion failed: 

assert false


	at Login_steps$_run_closure3.doCall(Login_steps.groovy:14)
	at ✽.Then I should be able to view the home page for logged in users(Login.feature:6)
2015-09-14 01:30:47,741 [main] ERROR StackTrace  - Full Stack Trace:
Assertion failed: 

assert false


	at Login_steps$_run_closure3.doCall(Login_steps.groovy:14)
	at ✽.Then I should be able to view the home page for logged in users(Login.feature:6)
2015-09-14 01:32:47,300 [main] ERROR StackTrace  - Full Stack Trace:
java.lang.NullPointerException: Cannot invoke method isLoggedIn() on null object
	at Login_steps$_run_closure3.doCall(Login_steps.groovy:16)
	at ✽.Then I should be able to view the home page for logged in users(Login.feature:6)
2015-09-14 01:32:47,301 [main] ERROR StackTrace  - Full Stack Trace:
java.lang.NullPointerException: Cannot invoke method isLoggedIn() on null object
	at Login_steps$_run_closure3.doCall(Login_steps.groovy:16)
	at ✽.Then I should be able to view the home page for logged in users(Login.feature:6)
2015-09-14 01:32:47,307 [main] ERROR StackTrace  - Full Stack Trace:
java.lang.NullPointerException: Cannot invoke method isLoggedIn() on null object
	at Login_steps$_run_closure3.doCall(Login_steps.groovy:16)
	at ✽.Then I should be able to view the home page for logged in users(Login.feature:6)
2015-09-14 01:32:47,307 [main] ERROR StackTrace  - Full Stack Trace:
java.lang.NullPointerException: Cannot invoke method isLoggedIn() on null object
	at Login_steps$_run_closure3.doCall(Login_steps.groovy:16)
	at ✽.Then I should be able to view the home page for logged in users(Login.feature:6)
2015-09-14 01:35:39,956 [main] ERROR StackTrace  - Full Stack Trace:
java.lang.NullPointerException: Cannot invoke method isLoggedIn() on null object
	at Login_steps$_run_closure3.doCall(Login_steps.groovy:17)
	at ✽.Then I should be able to view the home page for logged in users(Login.feature:6)
2015-09-14 01:35:39,958 [main] ERROR StackTrace  - Full Stack Trace:
java.lang.NullPointerException: Cannot invoke method isLoggedIn() on null object
	at Login_steps$_run_closure3.doCall(Login_steps.groovy:17)
	at ✽.Then I should be able to view the home page for logged in users(Login.feature:6)
2015-09-14 01:35:39,966 [main] ERROR StackTrace  - Full Stack Trace:
java.lang.NullPointerException: Cannot invoke method isLoggedIn() on null object
	at Login_steps$_run_closure3.doCall(Login_steps.groovy:17)
	at ✽.Then I should be able to view the home page for logged in users(Login.feature:6)
2015-09-14 01:35:39,966 [main] ERROR StackTrace  - Full Stack Trace:
java.lang.NullPointerException: Cannot invoke method isLoggedIn() on null object
	at Login_steps$_run_closure3.doCall(Login_steps.groovy:17)
	at ✽.Then I should be able to view the home page for logged in users(Login.feature:6)
2015-09-14 01:55:55,908 [main] ERROR StackTrace  - Full Stack Trace:
groovy.lang.MissingPropertyException: No such property: appCtx for class: cucumber.runtime.groovy.GroovyWorld
	at cucumber.runtime.groovy.GroovyWorld.findWorldWithProperty(GroovyWorld.java:47)
	at cucumber.runtime.groovy.GroovyWorld.getProperty(GroovyWorld.java:30)
	at Login_steps$_run_closure3.doCall(Login_steps.groovy:17)
	at ✽.Then I should be able to view the home page for logged in users(Login.feature:6)
2015-09-14 01:55:55,910 [main] ERROR StackTrace  - Full Stack Trace:
groovy.lang.MissingPropertyException: No such property: appCtx for class: cucumber.runtime.groovy.GroovyWorld
	at cucumber.runtime.groovy.GroovyWorld.findWorldWithProperty(GroovyWorld.java:47)
	at cucumber.runtime.groovy.GroovyWorld.getProperty(GroovyWorld.java:30)
	at Login_steps$_run_closure3.doCall(Login_steps.groovy:17)
	at ✽.Then I should be able to view the home page for logged in users(Login.feature:6)
2015-09-14 01:55:55,922 [main] ERROR StackTrace  - Full Stack Trace:
groovy.lang.MissingPropertyException: No such property: appCtx for class: cucumber.runtime.groovy.GroovyWorld
	at cucumber.runtime.groovy.GroovyWorld.findWorldWithProperty(GroovyWorld.java:47)
	at cucumber.runtime.groovy.GroovyWorld.getProperty(GroovyWorld.java:30)
	at Login_steps$_run_closure3.doCall(Login_steps.groovy:17)
	at ✽.Then I should be able to view the home page for logged in users(Login.feature:6)
2015-09-14 01:55:55,922 [main] ERROR StackTrace  - Full Stack Trace:
groovy.lang.MissingPropertyException: No such property: appCtx for class: cucumber.runtime.groovy.GroovyWorld
	at cucumber.runtime.groovy.GroovyWorld.findWorldWithProperty(GroovyWorld.java:47)
	at cucumber.runtime.groovy.GroovyWorld.getProperty(GroovyWorld.java:30)
	at Login_steps$_run_closure3.doCall(Login_steps.groovy:17)
	at ✽.Then I should be able to view the home page for logged in users(Login.feature:6)
2015-09-14 02:05:32,525 [main] ERROR StackTrace  - Full Stack Trace:
groovy.lang.MissingMethodException: No signature of method: Login_steps.text() is applicable for argument types: () values: []
Possible solutions: getAt(java.lang.String), wait(), wait(long), wait(long, int), run(), run()
	at Login_steps$_run_closure3.doCall(Login_steps.groovy:21)
	at ✽.Then I should be able to view the home page for logged in users(Login.feature:6)
2015-09-14 02:05:32,528 [main] ERROR StackTrace  - Full Stack Trace:
groovy.lang.MissingMethodException: No signature of method: Login_steps.text() is applicable for argument types: () values: []
Possible solutions: getAt(java.lang.String), wait(), wait(long), wait(long, int), run(), run()
	at Login_steps$_run_closure3.doCall(Login_steps.groovy:21)
	at ✽.Then I should be able to view the home page for logged in users(Login.feature:6)
2015-09-14 02:05:32,538 [main] ERROR StackTrace  - Full Stack Trace:
groovy.lang.MissingMethodException: No signature of method: Login_steps.text() is applicable for argument types: () values: []
Possible solutions: getAt(java.lang.String), wait(), wait(long), wait(long, int), run(), run()
	at Login_steps$_run_closure3.doCall(Login_steps.groovy:21)
	at ✽.Then I should be able to view the home page for logged in users(Login.feature:6)
2015-09-14 02:05:32,539 [main] ERROR StackTrace  - Full Stack Trace:
groovy.lang.MissingMethodException: No signature of method: Login_steps.text() is applicable for argument types: () values: []
Possible solutions: getAt(java.lang.String), wait(), wait(long), wait(long, int), run(), run()
	at Login_steps$_run_closure3.doCall(Login_steps.groovy:21)
	at ✽.Then I should be able to view the home page for logged in users(Login.feature:6)
2015-09-14 02:07:08,721 [main] ERROR StackTrace  - Full Stack Trace:
Assertion failed: 

assert { $("div", name: "greet").text() } == "You are Logged in"
                                          |
                                          false

	at Login_steps$_run_closure3.doCall(Login_steps.groovy:21)
	at ✽.Then I should be able to view the home page for logged in users(Login.feature:6)
2015-09-14 02:07:08,723 [main] ERROR StackTrace  - Full Stack Trace:
Assertion failed: 

assert { $("div", name: "greet").text() } == "You are Logged in"
                                          |
                                          false

	at Login_steps$_run_closure3.doCall(Login_steps.groovy:21)
	at ✽.Then I should be able to view the home page for logged in users(Login.feature:6)
2015-09-14 02:07:08,729 [main] ERROR StackTrace  - Full Stack Trace:
Assertion failed: 

assert { $("div", name: "greet").text() } == "You are Logged in"
                                          |
                                          false

	at Login_steps$_run_closure3.doCall(Login_steps.groovy:21)
	at ✽.Then I should be able to view the home page for logged in users(Login.feature:6)
2015-09-14 02:07:08,730 [main] ERROR StackTrace  - Full Stack Trace:
Assertion failed: 

assert { $("div", name: "greet").text() } == "You are Logged in"
                                          |
                                          false

	at Login_steps$_run_closure3.doCall(Login_steps.groovy:21)
	at ✽.Then I should be able to view the home page for logged in users(Login.feature:6)
2015-09-14 02:10:42,687 [main] ERROR StackTrace  - Full Stack Trace:
groovy.lang.MissingPropertyException: No such property: LoggedInHomePage for class: cucumber.runtime.groovy.GroovyWorld
	at cucumber.runtime.groovy.GroovyWorld.findWorldWithProperty(GroovyWorld.java:47)
	at cucumber.runtime.groovy.GroovyWorld.getProperty(GroovyWorld.java:30)
	at Login_steps$_run_closure3.doCall(Login_steps.groovy:21)
	at ✽.Then I should be able to view the home page for logged in users(Login.feature:6)
2015-09-14 02:10:42,689 [main] ERROR StackTrace  - Full Stack Trace:
groovy.lang.MissingPropertyException: No such property: LoggedInHomePage for class: cucumber.runtime.groovy.GroovyWorld
	at cucumber.runtime.groovy.GroovyWorld.findWorldWithProperty(GroovyWorld.java:47)
	at cucumber.runtime.groovy.GroovyWorld.getProperty(GroovyWorld.java:30)
	at Login_steps$_run_closure3.doCall(Login_steps.groovy:21)
	at ✽.Then I should be able to view the home page for logged in users(Login.feature:6)
2015-09-14 02:10:42,696 [main] ERROR StackTrace  - Full Stack Trace:
groovy.lang.MissingPropertyException: No such property: LoggedInHomePage for class: cucumber.runtime.groovy.GroovyWorld
	at cucumber.runtime.groovy.GroovyWorld.findWorldWithProperty(GroovyWorld.java:47)
	at cucumber.runtime.groovy.GroovyWorld.getProperty(GroovyWorld.java:30)
	at Login_steps$_run_closure3.doCall(Login_steps.groovy:21)
	at ✽.Then I should be able to view the home page for logged in users(Login.feature:6)
2015-09-14 02:10:42,696 [main] ERROR StackTrace  - Full Stack Trace:
groovy.lang.MissingPropertyException: No such property: LoggedInHomePage for class: cucumber.runtime.groovy.GroovyWorld
	at cucumber.runtime.groovy.GroovyWorld.findWorldWithProperty(GroovyWorld.java:47)
	at cucumber.runtime.groovy.GroovyWorld.getProperty(GroovyWorld.java:30)
	at Login_steps$_run_closure3.doCall(Login_steps.groovy:21)
	at ✽.Then I should be able to view the home page for logged in users(Login.feature:6)
2015-09-14 02:11:12,104 [main] ERROR StackTrace  - Full Stack Trace:
Assertion failed: 

$("h1").text() == "You are Logged In"
|       |      |
|       |      false
|       APPLICATION STATUS
[[[FirefoxDriver: firefox on WINDOWS (e6176bec-6087-4959-990d-58240161293b)] -> css selector: h1], [[FirefoxDriver: firefox on WINDOWS (e6176bec-6087-4959-990d-58240161293b)] -> css selector: h1], [[FirefoxDriver: firefox on WINDOWS (e6176bec-6087-4959-990d-58240161293b)] -> css selector: h1]]

	at pages.LoggedInHomePage$__clinit__closure1.doCall(LoggedInHomePage.groovy:9)
	at pages.LoggedInHomePage$__clinit__closure1.doCall(LoggedInHomePage.groovy)
	at org.springsource.loaded.ri.ReflectiveInterceptor.jlrMethodInvoke(ReflectiveInterceptor.java:1270)
	at geb.Page.verifyThisPageAtOnly(Page.groovy:228)
	at geb.Page.verifyAt(Page.groovy:182)
	at pages.LoggedInHomePage.verifyAt(LoggedInHomePage.groovy)
	at geb.Page$verifyAt$0.call(Unknown Source)
	at geb.Page$verifyAt$0.call(Unknown Source)
	at geb.Browser.doAt(Browser.groovy:455)
	at geb.Browser.this$2$doAt(Browser.groovy)
	at org.springsource.loaded.ri.ReflectiveInterceptor.jlrMethodInvoke(ReflectiveInterceptor.java:1270)
	at geb.Browser.at(Browser.groovy:337)
	at org.springsource.loaded.ri.ReflectiveInterceptor.jlrMethodInvoke(ReflectiveInterceptor.java:1270)
	at geb.binding.BindingUpdater$InvocationForwarding.doCall(BindingUpdater.groovy:73)
	at org.springsource.loaded.ri.ReflectiveInterceptor.jlrMethodInvoke(ReflectiveInterceptor.java:1270)
	at org.springsource.loaded.ri.ReflectiveInterceptor.jlrMethodInvoke(ReflectiveInterceptor.java:1270)
	at Login_steps$_run_closure3.doCall(Login_steps.groovy:21)
	at ✽.Then I should be able to view the home page for logged in users(Login.feature:6)
2015-09-14 02:11:12,107 [main] ERROR StackTrace  - Full Stack Trace:
Assertion failed: 

$("h1").text() == "You are Logged In"
|       |      |
|       |      false
|       APPLICATION STATUS
[[[FirefoxDriver: firefox on WINDOWS (e6176bec-6087-4959-990d-58240161293b)] -> css selector: h1], [[FirefoxDriver: firefox on WINDOWS (e6176bec-6087-4959-990d-58240161293b)] -> css selector: h1], [[FirefoxDriver: firefox on WINDOWS (e6176bec-6087-4959-990d-58240161293b)] -> css selector: h1]]

	at pages.LoggedInHomePage$__clinit__closure1.doCall(LoggedInHomePage.groovy:9)
	at geb.Page.verifyThisPageAtOnly(Page.groovy:228)
	at geb.Page.verifyAt(Page.groovy:182)
	at geb.Browser.doAt(Browser.groovy:455)
	at geb.Browser.at(Browser.groovy:337)
	at geb.binding.BindingUpdater$InvocationForwarding.doCall(BindingUpdater.groovy:73)
	at Login_steps$_run_closure3.doCall(Login_steps.groovy:21)
	at ✽.Then I should be able to view the home page for logged in users(Login.feature:6)
2015-09-14 02:11:12,113 [main] ERROR StackTrace  - Full Stack Trace:
Assertion failed: 

$("h1").text() == "You are Logged In"
|       |      |
|       |      false
|       APPLICATION STATUS
[[[FirefoxDriver: firefox on WINDOWS (e6176bec-6087-4959-990d-58240161293b)] -> css selector: h1], [[FirefoxDriver: firefox on WINDOWS (e6176bec-6087-4959-990d-58240161293b)] -> css selector: h1], [[FirefoxDriver: firefox on WINDOWS (e6176bec-6087-4959-990d-58240161293b)] -> css selector: h1]]

	at pages.LoggedInHomePage$__clinit__closure1.doCall(LoggedInHomePage.groovy:9)
	at geb.Page.verifyThisPageAtOnly(Page.groovy:228)
	at geb.Page.verifyAt(Page.groovy:182)
	at geb.Browser.doAt(Browser.groovy:455)
	at geb.Browser.at(Browser.groovy:337)
	at geb.binding.BindingUpdater$InvocationForwarding.doCall(BindingUpdater.groovy:73)
	at Login_steps$_run_closure3.doCall(Login_steps.groovy:21)
	at ✽.Then I should be able to view the home page for logged in users(Login.feature:6)
2015-09-14 02:11:12,113 [main] ERROR StackTrace  - Full Stack Trace:
Assertion failed: 

$("h1").text() == "You are Logged In"
|       |      |
|       |      false
|       APPLICATION STATUS
[[[FirefoxDriver: firefox on WINDOWS (e6176bec-6087-4959-990d-58240161293b)] -> css selector: h1], [[FirefoxDriver: firefox on WINDOWS (e6176bec-6087-4959-990d-58240161293b)] -> css selector: h1], [[FirefoxDriver: firefox on WINDOWS (e6176bec-6087-4959-990d-58240161293b)] -> css selector: h1]]

	at pages.LoggedInHomePage$__clinit__closure1.doCall(LoggedInHomePage.groovy:9)
	at geb.Page.verifyThisPageAtOnly(Page.groovy:228)
	at geb.Page.verifyAt(Page.groovy:182)
	at geb.Browser.doAt(Browser.groovy:455)
	at geb.Browser.at(Browser.groovy:337)
	at geb.binding.BindingUpdater$InvocationForwarding.doCall(BindingUpdater.groovy:73)
	at Login_steps$_run_closure3.doCall(Login_steps.groovy:21)
	at ✽.Then I should be able to view the home page for logged in users(Login.feature:6)
2015-09-14 02:11:53,451 [main] ERROR StackTrace  - Full Stack Trace:
Assertion failed: 

$("div", name: "greet").text() == "You are Logged In"
|                       |      |
|                       |      false
|                       You are Logged in
[[[FirefoxDriver: firefox on WINDOWS (f00b7796-d7f1-4809-b33a-08ea68bae972)] -> css selector: div[name="greet"]]]

	at pages.LoggedInHomePage$__clinit__closure1.doCall(LoggedInHomePage.groovy:9)
	at pages.LoggedInHomePage$__clinit__closure1.doCall(LoggedInHomePage.groovy)
	at org.springsource.loaded.ri.ReflectiveInterceptor.jlrMethodInvoke(ReflectiveInterceptor.java:1270)
	at geb.Page.verifyThisPageAtOnly(Page.groovy:228)
	at geb.Page.verifyAt(Page.groovy:182)
	at pages.LoggedInHomePage.verifyAt(LoggedInHomePage.groovy)
	at geb.Page$verifyAt$0.call(Unknown Source)
	at geb.Page$verifyAt$0.call(Unknown Source)
	at geb.Browser.doAt(Browser.groovy:455)
	at geb.Browser.this$2$doAt(Browser.groovy)
	at org.springsource.loaded.ri.ReflectiveInterceptor.jlrMethodInvoke(ReflectiveInterceptor.java:1270)
	at geb.Browser.at(Browser.groovy:337)
	at org.springsource.loaded.ri.ReflectiveInterceptor.jlrMethodInvoke(ReflectiveInterceptor.java:1270)
	at geb.binding.BindingUpdater$InvocationForwarding.doCall(BindingUpdater.groovy:73)
	at org.springsource.loaded.ri.ReflectiveInterceptor.jlrMethodInvoke(ReflectiveInterceptor.java:1270)
	at org.springsource.loaded.ri.ReflectiveInterceptor.jlrMethodInvoke(ReflectiveInterceptor.java:1270)
	at Login_steps$_run_closure3.doCall(Login_steps.groovy:21)
	at ✽.Then I should be able to view the home page for logged in users(Login.feature:6)
2015-09-14 02:11:53,453 [main] ERROR StackTrace  - Full Stack Trace:
Assertion failed: 

$("div", name: "greet").text() == "You are Logged In"
|                       |      |
|                       |      false
|                       You are Logged in
[[[FirefoxDriver: firefox on WINDOWS (f00b7796-d7f1-4809-b33a-08ea68bae972)] -> css selector: div[name="greet"]]]

	at pages.LoggedInHomePage$__clinit__closure1.doCall(LoggedInHomePage.groovy:9)
	at geb.Page.verifyThisPageAtOnly(Page.groovy:228)
	at geb.Page.verifyAt(Page.groovy:182)
	at geb.Browser.doAt(Browser.groovy:455)
	at geb.Browser.at(Browser.groovy:337)
	at geb.binding.BindingUpdater$InvocationForwarding.doCall(BindingUpdater.groovy:73)
	at Login_steps$_run_closure3.doCall(Login_steps.groovy:21)
	at ✽.Then I should be able to view the home page for logged in users(Login.feature:6)
2015-09-14 02:11:53,460 [main] ERROR StackTrace  - Full Stack Trace:
Assertion failed: 

$("div", name: "greet").text() == "You are Logged In"
|                       |      |
|                       |      false
|                       You are Logged in
[[[FirefoxDriver: firefox on WINDOWS (f00b7796-d7f1-4809-b33a-08ea68bae972)] -> css selector: div[name="greet"]]]

	at pages.LoggedInHomePage$__clinit__closure1.doCall(LoggedInHomePage.groovy:9)
	at geb.Page.verifyThisPageAtOnly(Page.groovy:228)
	at geb.Page.verifyAt(Page.groovy:182)
	at geb.Browser.doAt(Browser.groovy:455)
	at geb.Browser.at(Browser.groovy:337)
	at geb.binding.BindingUpdater$InvocationForwarding.doCall(BindingUpdater.groovy:73)
	at Login_steps$_run_closure3.doCall(Login_steps.groovy:21)
	at ✽.Then I should be able to view the home page for logged in users(Login.feature:6)
2015-09-14 02:11:53,460 [main] ERROR StackTrace  - Full Stack Trace:
Assertion failed: 

$("div", name: "greet").text() == "You are Logged In"
|                       |      |
|                       |      false
|                       You are Logged in
[[[FirefoxDriver: firefox on WINDOWS (f00b7796-d7f1-4809-b33a-08ea68bae972)] -> css selector: div[name="greet"]]]

	at pages.LoggedInHomePage$__clinit__closure1.doCall(LoggedInHomePage.groovy:9)
	at geb.Page.verifyThisPageAtOnly(Page.groovy:228)
	at geb.Page.verifyAt(Page.groovy:182)
	at geb.Browser.doAt(Browser.groovy:455)
	at geb.Browser.at(Browser.groovy:337)
	at geb.binding.BindingUpdater$InvocationForwarding.doCall(BindingUpdater.groovy:73)
	at Login_steps$_run_closure3.doCall(Login_steps.groovy:21)
	at ✽.Then I should be able to view the home page for logged in users(Login.feature:6)
